<?xml version="1.0" encoding="UTF-8"?>
<!-- Generated by org.testng.reporters.JUnitReportReporter -->
<testsuite hostname="server0" name="com.facebook.swift.service.server.TestThriftServer" tests="2" failures="0" timestamp="5 Mar 2018 19:56:18 GMT" time="0.007" errors="0">
  <testcase name="testThriftServerShutdown" time="0.004" classname="com.facebook.swift.service.server.TestThriftServer"/>
  <testcase name="testThriftServerShutdownWithNoStartup" time="0.003" classname="com.facebook.swift.service.server.TestThriftServer"/>
</testsuite> <!-- com.facebook.swift.service.server.TestThriftServer -->
