<?xml version="1.0" encoding="UTF-8"?>
<!-- Generated by org.testng.reporters.JUnitReportReporter -->
<testsuite hostname="server0" name="com.facebook.swift.client.TestThriftClientManager" tests="1" failures="0" timestamp="7 Mar 2018 21:32:49 GMT" time="0.088" errors="0">
  <testcase name="testUnresolvedRemoteAddress" time="0.088" classname="com.facebook.swift.client.TestThriftClientManager"/>
</testsuite> <!-- com.facebook.swift.client.TestThriftClientManager -->
