<?xml version="1.0" encoding="UTF-8"?>
<!-- Generated by org.testng.reporters.JUnitReportReporter -->
<testsuite hostname="server0" name="com.facebook.swift.service.TestThriftTransportAttachObserver" tests="2" failures="0" timestamp="5 Mar 2018 19:56:18 GMT" time="0.014" errors="0">
  <testcase name="testSwiftService" time="0.008" classname="com.facebook.swift.service.TestThriftTransportAttachObserver"/>
  <testcase name="testThriftService" time="0.006" classname="com.facebook.swift.service.TestThriftTransportAttachObserver"/>
</testsuite> <!-- com.facebook.swift.service.TestThriftTransportAttachObserver -->
