<?xml version="1.0" encoding="UTF-8"?>
<!-- Generated by org.testng.reporters.JUnitReportReporter -->
<testsuite hostname="server0" name="com.facebook.swift.service.TestThriftService" tests="5" failures="0" timestamp="5 Mar 2018 19:56:18 GMT" time="0.097" errors="0">
  <testcase name="testConflictingServices" time="0.005" classname="com.facebook.swift.service.TestThriftService"/>
  <testcase name="testThriftService" time="0.017" classname="com.facebook.swift.service.TestThriftService"/>
  <testcase name="testSwiftEventHandlersWithTProcessor" time="0.030" classname="com.facebook.swift.service.TestThriftService"/>
  <testcase name="testSwiftEventHandlersWithNiftyProcessor" time="0.026" classname="com.facebook.swift.service.TestThriftService"/>
  <testcase name="testSwiftService" time="0.019" classname="com.facebook.swift.service.TestThriftService"/>
</testsuite> <!-- com.facebook.swift.service.TestThriftService -->
