<?xml version="1.0" encoding="UTF-8"?>
<!-- Generated by org.testng.reporters.JUnitReportReporter -->
<testsuite hostname="server0" name="com.facebook.swift.service.TestThriftSslService" tests="4" failures="0" timestamp="5 Mar 2018 19:56:18 GMT" time="0.426" errors="0">
  <testcase name="testSwiftServicePlaintext" time="0.041" classname="com.facebook.swift.service.TestThriftSslService"/>
  <testcase name="testThriftServicePlaintext" time="0.034" classname="com.facebook.swift.service.TestThriftSslService"/>
  <testcase name="testThriftService" time="0.038" classname="com.facebook.swift.service.TestThriftSslService"/>
  <testcase name="testSwiftService" time="0.313" classname="com.facebook.swift.service.TestThriftSslService"/>
</testsuite> <!-- com.facebook.swift.service.TestThriftSslService -->
