<?xml version="1.0" encoding="UTF-8"?>
<!-- Generated by org.testng.reporters.JUnitReportReporter -->
<testsuite hostname="server0" name="com.facebook.swift.service.async.AsyncClientTest" tests="9" failures="0" timestamp="5 Mar 2018 19:56:18 GMT" time="4.717" errors="0">
  <testcase name="testAsyncEarlyListener" time="0.528" classname="com.facebook.swift.service.async.AsyncClientTest"/>
  <testcase name="testSyncClient" time="0.035" classname="com.facebook.swift.service.async.AsyncClientTest"/>
  <testcase name="testAsyncOutOfOrder" time="0.537" classname="com.facebook.swift.service.async.AsyncClientTest"/>
  <testcase name="testAsyncLateListener" time="0.530" classname="com.facebook.swift.service.async.AsyncClientTest"/>
  <testcase name="testAsyncOneWay" time="0.028" classname="com.facebook.swift.service.async.AsyncClientTest"/>
  <testcase name="testAsyncTimeout" time="1.217" classname="com.facebook.swift.service.async.AsyncClientTest"/>
  <testcase name="testAsyncClient" time="1.096" classname="com.facebook.swift.service.async.AsyncClientTest"/>
  <testcase name="testClientCreateFailure" time="0.022" classname="com.facebook.swift.service.async.AsyncClientTest"/>
  <testcase name="testAsyncConnection" time="0.724" classname="com.facebook.swift.service.async.AsyncClientTest"/>
</testsuite> <!-- com.facebook.swift.service.async.AsyncClientTest -->
