<?xml version="1.0" encoding="UTF-8"?>
<!-- Generated by org.testng.reporters.JUnitReportReporter -->
<testsuite hostname="server0" name="com.facebook.swift.service.guice.TestThriftClientAndServerModules" tests="4" failures="0" timestamp="7 Mar 2018 21:32:49 GMT" time="0.308" errors="0">
  <testcase name="testThriftWithAnnotationBinding" time="0.048" classname="com.facebook.swift.service.guice.TestThriftClientAndServerModules"/>
  <testcase name="testThriftClientAndServerModules" time="0.202" classname="com.facebook.swift.service.guice.TestThriftClientAndServerModules"/>
  <testcase name="testThriftClientWithConfiguration" time="0.013" classname="com.facebook.swift.service.guice.TestThriftClientAndServerModules"/>
  <testcase name="testThriftWithKeyBinding" time="0.045" classname="com.facebook.swift.service.guice.TestThriftClientAndServerModules"/>
</testsuite> <!-- com.facebook.swift.service.guice.TestThriftClientAndServerModules -->
