<?xml version="1.0" encoding="UTF-8"?>
<!-- Generated by org.testng.reporters.JUnitReportReporter -->
<testsuite hostname="server0" name="com.facebook.swift.service.TestThriftTransportAttachObserver" tests="2" failures="0" timestamp="7 Mar 2018 21:32:49 GMT" time="0.008" errors="0">
  <testcase name="testThriftService" time="0.002" classname="com.facebook.swift.service.TestThriftTransportAttachObserver"/>
  <testcase name="testSwiftService" time="0.006" classname="com.facebook.swift.service.TestThriftTransportAttachObserver"/>
</testsuite> <!-- com.facebook.swift.service.TestThriftTransportAttachObserver -->
