<?xml version="1.0" encoding="UTF-8"?>
<!-- Generated by org.testng.reporters.JUnitReportReporter -->
<testsuite hostname="server0" name="com.facebook.swift.service.TestThriftClientConfig" tests="3" failures="0" timestamp="7 Mar 2018 21:32:49 GMT" time="0.089" errors="0">
  <testcase name="testExplicitPropertyMappings" time="0.004" classname="com.facebook.swift.service.TestThriftClientConfig"/>
  <testcase name="testDefaults" time="0.054" classname="com.facebook.swift.service.TestThriftClientConfig"/>
  <testcase name="testGuiceInjection" time="0.031" classname="com.facebook.swift.service.TestThriftClientConfig"/>
</testsuite> <!-- com.facebook.swift.service.TestThriftClientConfig -->
