<?xml version="1.0" encoding="UTF-8"?>
<!-- Generated by org.testng.reporters.JUnitReportReporter -->
<testsuite hostname="server0" name="com.facebook.swift.service.annotations.TestThriftServiceAnnotationConflicts" tests="5" failures="0" timestamp="5 Mar 2018 19:56:18 GMT" time="0.002" errors="0">
  <testcase name="testInheritMultipleDerviedInterfacesWithExplicitAnnotation" time="0.001" classname="com.facebook.swift.service.annotations.TestThriftServiceAnnotationConflicts"/>
  <testcase name="testInheritBaseInterface" time="0.000" classname="com.facebook.swift.service.annotations.TestThriftServiceAnnotationConflicts"/>
  <testcase name="testInheritSingleDerivedInterface" time="0.000" classname="com.facebook.swift.service.annotations.TestThriftServiceAnnotationConflicts"/>
  <testcase name="testInheritCombinedInterface" time="0.001" classname="com.facebook.swift.service.annotations.TestThriftServiceAnnotationConflicts"/>
  <testcase name="testInheritMultipleDerivedInterfaces" time="0.000" classname="com.facebook.swift.service.annotations.TestThriftServiceAnnotationConflicts"/>
</testsuite> <!-- com.facebook.swift.service.annotations.TestThriftServiceAnnotationConflicts -->
