<?xml version="1.0" encoding="UTF-8"?>
<!-- Generated by org.testng.reporters.JUnitReportReporter -->
<testsuite hostname="server0" name="com.facebook.swift.service.oneway.OnewayTest" tests="2" failures="0" timestamp="5 Mar 2018 19:56:18 GMT" time="0.032" errors="0">
  <testcase name="testOnewayCall" time="0.021" classname="com.facebook.swift.service.oneway.OnewayTest"/>
  <testcase name="testOneWayThrow" time="0.011" classname="com.facebook.swift.service.oneway.OnewayTest"/>
</testsuite> <!-- com.facebook.swift.service.oneway.OnewayTest -->
