<?xml version="1.0" encoding="UTF-8"?>
<!-- Generated by org.testng.reporters.JUnitReportReporter -->
<testsuite hostname="server0" name="com.facebook.swift.service.TestThriftService" tests="5" failures="0" timestamp="7 Mar 2018 21:32:49 GMT" time="0.089" errors="0">
  <testcase name="testSwiftEventHandlersWithTProcessor" time="0.025" classname="com.facebook.swift.service.TestThriftService"/>
  <testcase name="testConflictingServices" time="0.005" classname="com.facebook.swift.service.TestThriftService"/>
  <testcase name="testThriftService" time="0.016" classname="com.facebook.swift.service.TestThriftService"/>
  <testcase name="testSwiftEventHandlersWithNiftyProcessor" time="0.028" classname="com.facebook.swift.service.TestThriftService"/>
  <testcase name="testSwiftService" time="0.015" classname="com.facebook.swift.service.TestThriftService"/>
</testsuite> <!-- com.facebook.swift.service.TestThriftService -->
