<?xml version="1.0" encoding="UTF-8"?>
<!-- Generated by org.testng.reporters.JUnitReportReporter -->
<testsuite hostname="server0" name="com.facebook.swift.service.protocol.TestClientProtocols" tests="3" failures="0" timestamp="7 Mar 2018 21:32:49 GMT" time="0.048" errors="0">
  <testcase name="testUnmatchedProtocols" time="0.013" classname="com.facebook.swift.service.protocol.TestClientProtocols"/>
  <testcase name="testBinaryProtocolClient" time="0.014" classname="com.facebook.swift.service.protocol.TestClientProtocols"/>
  <testcase name="testCompactProtocolClient" time="0.021" classname="com.facebook.swift.service.protocol.TestClientProtocols"/>
</testsuite> <!-- com.facebook.swift.service.protocol.TestClientProtocols -->
