<?xml version="1.0" encoding="UTF-8"?>
<!-- Generated by org.testng.reporters.JUnitReportReporter -->
<testsuite hostname="server0" name="com.facebook.swift.service.explicitidentifiers.ExplicitIdentifiersTest" tests="8" failures="0" timestamp="5 Mar 2018 19:56:18 GMT" time="0.109" errors="0">
  <testcase name="testExtraAndReorderedParameters" time="0.010" classname="com.facebook.swift.service.explicitidentifiers.ExplicitIdentifiersTest"/>
  <testcase name="testMissingParameter" time="0.015" classname="com.facebook.swift.service.explicitidentifiers.ExplicitIdentifiersTest"/>
  <testcase name="testExtraParameter" time="0.010" classname="com.facebook.swift.service.explicitidentifiers.ExplicitIdentifiersTest"/>
  <testcase name="testMissingAndReorderedParameters" time="0.011" classname="com.facebook.swift.service.explicitidentifiers.ExplicitIdentifiersTest"/>
  <testcase name="testMissingStruct" time="0.013" classname="com.facebook.swift.service.explicitidentifiers.ExplicitIdentifiersTest"/>
  <testcase name="testMissingInteger" time="0.020" classname="com.facebook.swift.service.explicitidentifiers.ExplicitIdentifiersTest"/>
  <testcase name="testExtraStruct" time="0.017" classname="com.facebook.swift.service.explicitidentifiers.ExplicitIdentifiersTest"/>
  <testcase name="testExplicitParameterOrdering" time="0.013" classname="com.facebook.swift.service.explicitidentifiers.ExplicitIdentifiersTest"/>
</testsuite> <!-- com.facebook.swift.service.explicitidentifiers.ExplicitIdentifiersTest -->
