<?xml version="1.0" encoding="UTF-8"?>
<!-- Generated by org.testng.reporters.JUnitReportReporter -->
<testsuite hostname="server0" name="com.facebook.swift.service.TestThriftServerConfig" tests="6" failures="0" timestamp="7 Mar 2018 21:32:49 GMT" time="0.164" errors="0">
  <testcase name="testGuiceInjection" time="0.011" classname="com.facebook.swift.service.TestThriftServerConfig"/>
  <testcase name="testWorkerExecutorConfiguration" time="0.047" classname="com.facebook.swift.service.TestThriftServerConfig"/>
  <testcase name="testDefaults" time="0.021" classname="com.facebook.swift.service.TestThriftServerConfig"/>
  <testcase name="testWorkerThreadsConfiguration" time="0.038" classname="com.facebook.swift.service.TestThriftServerConfig"/>
  <testcase name="testExplicitPropertyMappings" time="0.004" classname="com.facebook.swift.service.TestThriftServerConfig"/>
  <testcase name="testWorkerExecutorKeyConfiguration" time="0.043" classname="com.facebook.swift.service.TestThriftServerConfig"/>
</testsuite> <!-- com.facebook.swift.service.TestThriftServerConfig -->
