<?xml version="1.0" encoding="UTF-8"?>
<!-- Generated by org.testng.reporters.JUnitReportReporter -->
<testsuite hostname="server0" name="com.facebook.swift.service.unframed.UnframedTest" tests="2" failures="0" timestamp="7 Mar 2018 21:32:49 GMT" time="0.234" errors="0">
  <testcase name="testUnframedAsyncMethod" time="0.119" classname="com.facebook.swift.service.unframed.UnframedTest"/>
  <testcase name="testUnframedSyncMethod" time="0.115" classname="com.facebook.swift.service.unframed.UnframedTest"/>
</testsuite> <!-- com.facebook.swift.service.unframed.UnframedTest -->
