<?xml version="1.0" encoding="UTF-8"?>
<!-- Generated by org.testng.reporters.JUnitReportReporter -->
<testsuite hostname="server0" name="com.facebook.swift.service.TestThriftSslService" tests="4" failures="0" timestamp="7 Mar 2018 21:32:49 GMT" time="0.427" errors="0">
  <testcase name="testSwiftService" time="0.320" classname="com.facebook.swift.service.TestThriftSslService"/>
  <testcase name="testSwiftServicePlaintext" time="0.041" classname="com.facebook.swift.service.TestThriftSslService"/>
  <testcase name="testThriftServicePlaintext" time="0.030" classname="com.facebook.swift.service.TestThriftSslService"/>
  <testcase name="testThriftService" time="0.036" classname="com.facebook.swift.service.TestThriftSslService"/>
</testsuite> <!-- com.facebook.swift.service.TestThriftSslService -->
