<?xml version="1.0" encoding="UTF-8"?>
<!-- Generated by org.testng.reporters.JUnitReportReporter -->
<testsuite hostname="server0" name="com.facebook.swift.service.guice.TestThriftClientAndServerModules" tests="4" failures="0" timestamp="5 Mar 2018 19:56:18 GMT" time="0.300" errors="0">
  <testcase name="testThriftClientWithConfiguration" time="0.012" classname="com.facebook.swift.service.guice.TestThriftClientAndServerModules"/>
  <testcase name="testThriftClientAndServerModules" time="0.190" classname="com.facebook.swift.service.guice.TestThriftClientAndServerModules"/>
  <testcase name="testThriftWithAnnotationBinding" time="0.051" classname="com.facebook.swift.service.guice.TestThriftClientAndServerModules"/>
  <testcase name="testThriftWithKeyBinding" time="0.047" classname="com.facebook.swift.service.guice.TestThriftClientAndServerModules"/>
</testsuite> <!-- com.facebook.swift.service.guice.TestThriftClientAndServerModules -->
