<?xml version="1.0" encoding="UTF-8"?>
<!-- Generated by org.testng.reporters.JUnitReportReporter -->
<testsuite hostname="server0" name="com.facebook.swift.service.async.AsyncHttpClientTest" tests="2" failures="0" timestamp="5 Mar 2018 19:56:18 GMT" time="0.390" errors="0">
  <testcase name="testHttpClient" time="0.116" classname="com.facebook.swift.service.async.AsyncHttpClientTest"/>
  <testcase name="testHttpAsyncClient" time="0.274" classname="com.facebook.swift.service.async.AsyncHttpClientTest"/>
</testsuite> <!-- com.facebook.swift.service.async.AsyncHttpClientTest -->
