<?xml version="1.0" encoding="UTF-8"?>
<!-- Generated by org.testng.reporters.JUnitReportReporter -->
<testsuite hostname="server0" name="com.facebook.swift.service.metadata.TestThriftMethodMetadata" tests="7" failures="0" timestamp="7 Mar 2018 21:32:49 GMT" time="0.005" errors="0">
  <testcase name="testInferredExceptionWithRuntimeException" time="0.000" classname="com.facebook.swift.service.metadata.TestThriftMethodMetadata"/>
  <testcase name="testNoExceptions" time="0.000" classname="com.facebook.swift.service.metadata.TestThriftMethodMetadata"/>
  <testcase name="testInferredExceptionWithTException" time="0.000" classname="com.facebook.swift.service.metadata.TestThriftMethodMetadata"/>
  <testcase name="testAnnotatedExceptions" time="0.002" classname="com.facebook.swift.service.metadata.TestThriftMethodMetadata"/>
  <testcase name="testUninferrableException" time="0.001" classname="com.facebook.swift.service.metadata.TestThriftMethodMetadata"/>
  <testcase name="testInferredException" time="0.001" classname="com.facebook.swift.service.metadata.TestThriftMethodMetadata"/>
  <testcase name="testInferredExceptionWithRuntimeAndTException" time="0.001" classname="com.facebook.swift.service.metadata.TestThriftMethodMetadata"/>
</testsuite> <!-- com.facebook.swift.service.metadata.TestThriftMethodMetadata -->
