<?xml version="1.0" encoding="UTF-8"?>
<!-- Generated by org.testng.reporters.JUnitReportReporter -->
<testsuite hostname="server0" name="com.facebook.swift.service.protocol.TestClientProtocols" tests="3" failures="0" timestamp="5 Mar 2018 19:56:18 GMT" time="0.047" errors="0">
  <testcase name="testUnmatchedProtocols" time="0.012" classname="com.facebook.swift.service.protocol.TestClientProtocols"/>
  <testcase name="testBinaryProtocolClient" time="0.016" classname="com.facebook.swift.service.protocol.TestClientProtocols"/>
  <testcase name="testCompactProtocolClient" time="0.019" classname="com.facebook.swift.service.protocol.TestClientProtocols"/>
</testsuite> <!-- com.facebook.swift.service.protocol.TestClientProtocols -->
