<?xml version="1.0" encoding="UTF-8"?>
<!-- Generated by org.testng.reporters.JUnitReportReporter -->
<testsuite hostname="server0" name="com.facebook.swift.client.TestThriftClientManager" tests="1" failures="0" timestamp="5 Mar 2018 19:56:18 GMT" time="0.009" errors="0">
  <testcase name="testUnresolvedRemoteAddress" time="0.009" classname="com.facebook.swift.client.TestThriftClientManager"/>
</testsuite> <!-- com.facebook.swift.client.TestThriftClientManager -->
