<?xml version="1.0" encoding="UTF-8"?>
<!-- Generated by org.testng.reporters.JUnitReportReporter -->
<testsuite hostname="server0" name="com.facebook.swift.service.async.AsyncHttpClientTest" tests="2" failures="0" timestamp="7 Mar 2018 21:32:49 GMT" time="0.403" errors="0">
  <testcase name="testHttpAsyncClient" time="0.290" classname="com.facebook.swift.service.async.AsyncHttpClientTest"/>
  <testcase name="testHttpClient" time="0.113" classname="com.facebook.swift.service.async.AsyncHttpClientTest"/>
</testsuite> <!-- com.facebook.swift.service.async.AsyncHttpClientTest -->
