<?xml version="1.0" encoding="UTF-8"?>
<!-- Generated by org.testng.reporters.JUnitReportReporter -->
<testsuite hostname="server0" name="com.facebook.swift.generics.TestGenericProcessor" tests="1" failures="0" timestamp="5 Mar 2018 19:56:18 GMT" time="0.014" errors="0">
  <testcase name="testGenericProcessor" time="0.014" classname="com.facebook.swift.generics.TestGenericProcessor"/>
</testsuite> <!-- com.facebook.swift.generics.TestGenericProcessor -->
