<?xml version="1.0" encoding="UTF-8"?>
<!-- Generated by org.testng.reporters.JUnitReportReporter -->
<testsuite hostname="server0" name="com.facebook.swift.service.TestProcessor" tests="1" failures="0" timestamp="7 Mar 2018 21:32:49 GMT" time="0.192" errors="0">
  <testcase name="testConflictingMethodNames" time="0.192" classname="com.facebook.swift.service.TestProcessor"/>
</testsuite> <!-- com.facebook.swift.service.TestProcessor -->
