<?xml version="1.0" encoding="UTF-8"?>
<!-- Generated by org.testng.reporters.JUnitReportReporter -->
<testsuite hostname="server0" name="com.facebook.swift.service.TestThriftClientConfig" tests="3" failures="0" timestamp="5 Mar 2018 19:56:18 GMT" time="0.070" errors="0">
  <testcase name="testGuiceInjection" time="0.020" classname="com.facebook.swift.service.TestThriftClientConfig"/>
  <testcase name="testDefaults" time="0.048" classname="com.facebook.swift.service.TestThriftClientConfig"/>
  <testcase name="testExplicitPropertyMappings" time="0.002" classname="com.facebook.swift.service.TestThriftClientConfig"/>
</testsuite> <!-- com.facebook.swift.service.TestThriftClientConfig -->
