<?xml version="1.0" encoding="UTF-8"?>
<!-- Generated by org.testng.reporters.JUnitReportReporter -->
<testsuite hostname="server0" name="com.facebook.swift.service.puma.TestPuma" tests="4" failures="0" timestamp="5 Mar 2018 19:56:18 GMT" time="0.092" errors="0">
  <testcase name="testPumaSwiftException" time="0.035" classname="com.facebook.swift.service.puma.TestPuma"/>
  <testcase name="testPumaDirectException" time="0.000" classname="com.facebook.swift.service.puma.TestPuma"/>
  <testcase name="testPumaDirect" time="0.002" classname="com.facebook.swift.service.puma.TestPuma"/>
  <testcase name="testPumaSwift" time="0.055" classname="com.facebook.swift.service.puma.TestPuma"/>
</testsuite> <!-- com.facebook.swift.service.puma.TestPuma -->
