<?xml version="1.0" encoding="UTF-8"?>
<!-- Generated by org.testng.reporters.JUnitReportReporter -->
<testsuite hostname="server0" name="com.facebook.swift.service.metadata.TestThriftMethodLegacyIds" tests="8" failures="0" timestamp="5 Mar 2018 19:56:18 GMT" time="0.007" errors="0">
  <testcase name="testNonLegacyFieldIds" time="0.001" classname="com.facebook.swift.service.metadata.TestThriftMethodLegacyIds"/>
  <testcase name="testNonLegacyFieldIds" time="0.000" classname="com.facebook.swift.service.metadata.TestThriftMethodLegacyIds"/>
  <testcase name="testLegacyFieldIds" time="0.002" classname="com.facebook.swift.service.metadata.TestThriftMethodLegacyIds"/>
  <testcase name="testInvalids" time="0.001" classname="com.facebook.swift.service.metadata.TestThriftMethodLegacyIds"/>
  <testcase name="testInvalids" time="0.001" classname="com.facebook.swift.service.metadata.TestThriftMethodLegacyIds"/>
  <testcase name="testInvalids" time="0.001" classname="com.facebook.swift.service.metadata.TestThriftMethodLegacyIds"/>
  <testcase name="testInvalids" time="0.001" classname="com.facebook.swift.service.metadata.TestThriftMethodLegacyIds"/>
  <testcase name="testNonLegacyFieldIds" time="0.000" classname="com.facebook.swift.service.metadata.TestThriftMethodLegacyIds"/>
</testsuite> <!-- com.facebook.swift.service.metadata.TestThriftMethodLegacyIds -->
