<?xml version="1.0" encoding="UTF-8"?>
<!-- Generated by org.testng.reporters.JUnitReportReporter -->
<testsuite hostname="server0" name="com.facebook.swift.service.async.AsyncClientTest" tests="9" failures="0" timestamp="7 Mar 2018 21:32:49 GMT" time="4.706" errors="0">
  <testcase name="testAsyncOneWay" time="0.022" classname="com.facebook.swift.service.async.AsyncClientTest"/>
  <testcase name="testAsyncLateListener" time="0.526" classname="com.facebook.swift.service.async.AsyncClientTest"/>
  <testcase name="testAsyncEarlyListener" time="0.526" classname="com.facebook.swift.service.async.AsyncClientTest"/>
  <testcase name="testClientCreateFailure" time="0.027" classname="com.facebook.swift.service.async.AsyncClientTest"/>
  <testcase name="testAsyncConnection" time="0.719" classname="com.facebook.swift.service.async.AsyncClientTest"/>
  <testcase name="testSyncClient" time="0.132" classname="com.facebook.swift.service.async.AsyncClientTest"/>
  <testcase name="testAsyncTimeout" time="1.122" classname="com.facebook.swift.service.async.AsyncClientTest"/>
  <testcase name="testAsyncClient" time="0.696" classname="com.facebook.swift.service.async.AsyncClientTest"/>
  <testcase name="testAsyncOutOfOrder" time="0.936" classname="com.facebook.swift.service.async.AsyncClientTest"/>
</testsuite> <!-- com.facebook.swift.service.async.AsyncClientTest -->
