<?xml version="1.0" encoding="UTF-8"?>
<!-- Generated by org.testng.reporters.JUnitReportReporter -->
<testsuite hostname="server0" name="com.facebook.swift.service.exceptions.ExceptionTest" tests="10" failures="0" timestamp="5 Mar 2018 19:56:18 GMT" time="0.198" errors="0">
  <testcase name="testThrowUnexpectedNonThriftUncheckedException" time="0.015" classname="com.facebook.swift.service.exceptions.ExceptionTest"/>
  <testcase name="testThrowExceptionInEventHandlersCode" time="0.020" classname="com.facebook.swift.service.exceptions.ExceptionTest"/>
  <testcase name="testThrowUnexpectedThriftUncheckedException" time="0.028" classname="com.facebook.swift.service.exceptions.ExceptionTest"/>
  <testcase name="testThrowUnexpectedNonThriftCheckedException" time="0.019" classname="com.facebook.swift.service.exceptions.ExceptionTest"/>
  <testcase name="testThrowSubclassableException" time="0.017" classname="com.facebook.swift.service.exceptions.ExceptionTest"/>
  <testcase name="testThrowSubclassOfSubclassableException" time="0.023" classname="com.facebook.swift.service.exceptions.ExceptionTest"/>
  <testcase name="testThrowWrongThriftException" time="0.021" classname="com.facebook.swift.service.exceptions.ExceptionTest"/>
  <testcase name="testThrowExceptedUncheckedException" time="0.021" classname="com.facebook.swift.service.exceptions.ExceptionTest"/>
  <testcase name="testMissingMethod" time="0.016" classname="com.facebook.swift.service.exceptions.ExceptionTest"/>
  <testcase name="testThrowExpectedCheckedException" time="0.018" classname="com.facebook.swift.service.exceptions.ExceptionTest"/>
</testsuite> <!-- com.facebook.swift.service.exceptions.ExceptionTest -->
