<?xml version="1.0" encoding="UTF-8"?>
<!-- Generated by org.testng.reporters.JUnitReportReporter -->
<testsuite hostname="server0" name="com.facebook.swift.codec.metadata.TestThriftStructMetadata" tests="11" failures="0" timestamp="6 Mar 2018 15:03:30 GMT" time="0.013" errors="0">
  <testcase name="testConstructor" time="0.001" classname="com.facebook.swift.codec.metadata.TestThriftStructMetadata"/>
  <testcase name="testBean" time="0.001" classname="com.facebook.swift.codec.metadata.TestThriftStructMetadata"/>
  <testcase name="testFieldWithMatchingIdlAnnotationMaps" time="0.001" classname="com.facebook.swift.codec.metadata.TestThriftStructMetadata"/>
  <testcase name="testMethod" time="0.001" classname="com.facebook.swift.codec.metadata.TestThriftStructMetadata"/>
  <testcase name="testStructWithIdlAnnotationsMap" time="0.001" classname="com.facebook.swift.codec.metadata.TestThriftStructMetadata"/>
  <testcase name="testBuilder" time="0.000" classname="com.facebook.swift.codec.metadata.TestThriftStructMetadata"/>
  <testcase name="testFieldWithConflictingIdlAnnotationMap" time="0.001" classname="com.facebook.swift.codec.metadata.TestThriftStructMetadata"/>
  <testcase name="testUnionWithIdlAnnotationsMap" time="0.002" classname="com.facebook.swift.codec.metadata.TestThriftStructMetadata"/>
  <testcase name="testExceptionWithIdlAnnotationsMap" time="0.003" classname="com.facebook.swift.codec.metadata.TestThriftStructMetadata"/>
  <testcase name="testField" time="0.001" classname="com.facebook.swift.codec.metadata.TestThriftStructMetadata"/>
  <testcase name="testFieldWithOneIdlAnnotationMap" time="0.001" classname="com.facebook.swift.codec.metadata.TestThriftStructMetadata"/>
</testsuite> <!-- com.facebook.swift.codec.metadata.TestThriftStructMetadata -->
