<?xml version="1.0" encoding="UTF-8"?>
<!-- Generated by org.testng.reporters.JUnitReportReporter -->
<testsuite hostname="server0" name="com.facebook.swift.codec.metadata.TestThriftUnionMetadataBuilder" tests="6" failures="0" timestamp="5 Mar 2018 19:27:03 GMT" time="0.004" errors="0">
  <testcase name="testMultipleNames" time="0.001" classname="com.facebook.swift.codec.metadata.TestThriftUnionMetadataBuilder"/>
  <testcase name="testUnsupportedType" time="0.001" classname="com.facebook.swift.codec.metadata.TestThriftUnionMetadataBuilder"/>
  <testcase name="testNonFinalUnionOk" time="0.000" classname="com.facebook.swift.codec.metadata.TestThriftUnionMetadataBuilder"/>
  <testcase name="testMultipleTypes" time="0.000" classname="com.facebook.swift.codec.metadata.TestThriftUnionMetadataBuilder"/>
  <testcase name="testNoId" time="0.001" classname="com.facebook.swift.codec.metadata.TestThriftUnionMetadataBuilder"/>
  <testcase name="testMultipleIds" time="0.001" classname="com.facebook.swift.codec.metadata.TestThriftUnionMetadataBuilder"/>
</testsuite> <!-- com.facebook.swift.codec.metadata.TestThriftUnionMetadataBuilder -->
