<?xml version="1.0" encoding="UTF-8"?>
<!-- Generated by org.testng.reporters.JUnitReportReporter -->
<testsuite hostname="server0" name="com.facebook.swift.codec.guice.TestThriftCodecModule" tests="1" failures="0" timestamp="5 Mar 2018 19:27:03 GMT" time="0.111" errors="0">
  <testcase name="testThriftClientAndServerModules" time="0.111" classname="com.facebook.swift.codec.guice.TestThriftCodecModule"/>
</testsuite> <!-- com.facebook.swift.codec.guice.TestThriftCodecModule -->
