<?xml version="1.0" encoding="UTF-8"?>
<!-- Generated by org.testng.reporters.JUnitReportReporter -->
<testsuite hostname="server0" name="com.facebook.swift.codec.internal.reflection.TestReflectionThriftCodecFactory" tests="37" failures="0" timestamp="5 Mar 2018 19:27:03 GMT" time="0.048" errors="0">
  <testcase name="testCoRecursiveStartingAtHelper" time="0.000" classname="com.facebook.swift.codec.internal.reflection.TestReflectionThriftCodecFactory"/>
  <testcase name="testCoRecursive" time="0.001" classname="com.facebook.swift.codec.internal.reflection.TestReflectionThriftCodecFactory"/>
  <testcase name="testStructFields" time="0.000" classname="com.facebook.swift.codec.internal.reflection.TestReflectionThriftCodecFactory"/>
  <testcase name="testDefaultCoercion" time="0.002" classname="com.facebook.swift.codec.internal.reflection.TestReflectionThriftCodecFactory"/>
  <testcase name="testFieldGeneric" time="0.001" classname="com.facebook.swift.codec.internal.reflection.TestReflectionThriftCodecFactory"/>
  <testcase name="testMatchByJavaNameWithThriftNameOverride" time="0.000" classname="com.facebook.swift.codec.internal.reflection.TestReflectionThriftCodecFactory"/>
  <testcase name="testImmutableGeneric" time="0.001" classname="com.facebook.swift.codec.internal.reflection.TestReflectionThriftCodecFactory"/>
  <testcase name="testFieldDerivedFromGeneric" time="0.001" classname="com.facebook.swift.codec.internal.reflection.TestReflectionThriftCodecFactory"/>
  <testcase name="testStructWithRecursionViaNestedListElementTypes" time="0.002" classname="com.facebook.swift.codec.internal.reflection.TestReflectionThriftCodecFactory"/>
  <testcase name="testRecursiveStructWithIdlAnnotation" time="0.002" classname="com.facebook.swift.codec.internal.reflection.TestReflectionThriftCodecFactory"/>
  <testcase name="testUnionFields" time="0.000" classname="com.facebook.swift.codec.internal.reflection.TestReflectionThriftCodecFactory"/>
  <testcase name="testOneOfEverythingFieldEmpty" time="0.001" classname="com.facebook.swift.codec.internal.reflection.TestReflectionThriftCodecFactory"/>
  <testcase name="testStructBean" time="0.001" classname="com.facebook.swift.codec.internal.reflection.TestReflectionThriftCodecFactory"/>
  <testcase name="testCoRecursiveTree" time="0.003" classname="com.facebook.swift.codec.internal.reflection.TestReflectionThriftCodecFactory"/>
  <testcase name="testUnionConstructor" time="0.001" classname="com.facebook.swift.codec.internal.reflection.TestReflectionThriftCodecFactory"/>
  <testcase name="testRecursiveUnion" time="0.001" classname="com.facebook.swift.codec.internal.reflection.TestReflectionThriftCodecFactory"/>
  <testcase name="testRecursiveDefaultUnion" time="0.001" classname="com.facebook.swift.codec.internal.reflection.TestReflectionThriftCodecFactory"/>
  <testcase name="testGenericFromBuilder" time="0.001" classname="com.facebook.swift.codec.internal.reflection.TestReflectionThriftCodecFactory"/>
  <testcase name="testUnionFieldsManual" time="0.000" classname="com.facebook.swift.codec.internal.reflection.TestReflectionThriftCodecFactory"/>
  <testcase name="testArrays" time="0.004" classname="com.facebook.swift.codec.internal.reflection.TestReflectionThriftCodecFactory"/>
  <testcase name="testRecursiveStructWithSwiftAnnotation" time="0.001" classname="com.facebook.swift.codec.internal.reflection.TestReflectionThriftCodecFactory"/>
  <testcase name="testBuilder" time="0.000" classname="com.facebook.swift.codec.internal.reflection.TestReflectionThriftCodecFactory"/>
  <testcase name="testOneOfEverythingField" time="0.012" classname="com.facebook.swift.codec.internal.reflection.TestReflectionThriftCodecFactory"/>
  <testcase name="testUnionConstructorDuplicateTypes" time="0.001" classname="com.facebook.swift.codec.internal.reflection.TestReflectionThriftCodecFactory"/>
  <testcase name="testArraysManual" time="0.002" classname="com.facebook.swift.codec.internal.reflection.TestReflectionThriftCodecFactory"/>
  <testcase name="testStructConstructor" time="0.000" classname="com.facebook.swift.codec.internal.reflection.TestReflectionThriftCodecFactory"/>
  <testcase name="testStructFieldsManual" time="0.001" classname="com.facebook.swift.codec.internal.reflection.TestReflectionThriftCodecFactory"/>
  <testcase name="testImmutableDerivedFromGeneric" time="0.001" classname="com.facebook.swift.codec.internal.reflection.TestReflectionThriftCodecFactory"/>
  <testcase name="testRecursiveStructWithoutRecursiveAnnotation" time="0.001" classname="com.facebook.swift.codec.internal.reflection.TestReflectionThriftCodecFactory"/>
  <testcase name="testStructWithRecursionViaMapKeyAndValueTypes" time="0.001" classname="com.facebook.swift.codec.internal.reflection.TestReflectionThriftCodecFactory"/>
  <testcase name="testUnionBean" time="0.001" classname="com.facebook.swift.codec.internal.reflection.TestReflectionThriftCodecFactory"/>
  <testcase name="testIsSetBean" time="0.002" classname="com.facebook.swift.codec.internal.reflection.TestReflectionThriftCodecFactory"/>
  <testcase name="testStructMethod" time="0.000" classname="com.facebook.swift.codec.internal.reflection.TestReflectionThriftCodecFactory"/>
  <testcase name="testStructWithRecursionViaListElementTypes" time="0.000" classname="com.facebook.swift.codec.internal.reflection.TestReflectionThriftCodecFactory"/>
  <testcase name="testOneOfEverythingFieldManual" time="0.000" classname="com.facebook.swift.codec.internal.reflection.TestReflectionThriftCodecFactory"/>
  <testcase name="testBeanDerivedFromGeneric" time="0.002" classname="com.facebook.swift.codec.internal.reflection.TestReflectionThriftCodecFactory"/>
  <testcase name="testBeanGeneric" time="0.000" classname="com.facebook.swift.codec.internal.reflection.TestReflectionThriftCodecFactory"/>
</testsuite> <!-- com.facebook.swift.codec.internal.reflection.TestReflectionThriftCodecFactory -->
