<?xml version="1.0" encoding="UTF-8"?>
<!-- Generated by org.testng.reporters.JUnitReportReporter -->
<testsuite hostname="server0" name="com.facebook.swift.codec.guice.TestThriftCodecModule" tests="1" failures="0" timestamp="6 Mar 2018 15:03:30 GMT" time="0.137" errors="0">
  <testcase name="testThriftClientAndServerModules" time="0.137" classname="com.facebook.swift.codec.guice.TestThriftCodecModule"/>
</testsuite> <!-- com.facebook.swift.codec.guice.TestThriftCodecModule -->
