<?xml version="1.0" encoding="UTF-8"?>
<!-- Generated by org.testng.reporters.JUnitReportReporter -->
<testsuite hostname="server0" name="com.facebook.swift.codec.internal.compiler.TestCompilerToReflectionThriftCodecFactory" tests="37" failures="0" timestamp="6 Mar 2018 15:03:30 GMT" time="0.541" errors="0">
  <testcase name="testOneOfEverythingField" time="0.143" classname="com.facebook.swift.codec.internal.compiler.TestCompilerToReflectionThriftCodecFactory"/>
  <testcase name="testUnionConstructorDuplicateTypes" time="0.006" classname="com.facebook.swift.codec.internal.compiler.TestCompilerToReflectionThriftCodecFactory"/>
  <testcase name="testImmutableGeneric" time="0.006" classname="com.facebook.swift.codec.internal.compiler.TestCompilerToReflectionThriftCodecFactory"/>
  <testcase name="testStructFieldsManual" time="0.002" classname="com.facebook.swift.codec.internal.compiler.TestCompilerToReflectionThriftCodecFactory"/>
  <testcase name="testGenericFromBuilder" time="0.007" classname="com.facebook.swift.codec.internal.compiler.TestCompilerToReflectionThriftCodecFactory"/>
  <testcase name="testArraysManual" time="0.014" classname="com.facebook.swift.codec.internal.compiler.TestCompilerToReflectionThriftCodecFactory"/>
  <testcase name="testFieldGeneric" time="0.005" classname="com.facebook.swift.codec.internal.compiler.TestCompilerToReflectionThriftCodecFactory"/>
  <testcase name="testOneOfEverythingFieldManual" time="0.031" classname="com.facebook.swift.codec.internal.compiler.TestCompilerToReflectionThriftCodecFactory"/>
  <testcase name="testStructConstructor" time="0.003" classname="com.facebook.swift.codec.internal.compiler.TestCompilerToReflectionThriftCodecFactory"/>
  <testcase name="testArrays" time="0.023" classname="com.facebook.swift.codec.internal.compiler.TestCompilerToReflectionThriftCodecFactory"/>
  <testcase name="testCoRecursiveTree" time="0.013" classname="com.facebook.swift.codec.internal.compiler.TestCompilerToReflectionThriftCodecFactory"/>
  <testcase name="testRecursiveDefaultUnion" time="0.006" classname="com.facebook.swift.codec.internal.compiler.TestCompilerToReflectionThriftCodecFactory"/>
  <testcase name="testUnionBean" time="0.007" classname="com.facebook.swift.codec.internal.compiler.TestCompilerToReflectionThriftCodecFactory"/>
  <testcase name="testUnionConstructor" time="0.006" classname="com.facebook.swift.codec.internal.compiler.TestCompilerToReflectionThriftCodecFactory"/>
  <testcase name="testImmutableDerivedFromGeneric" time="0.005" classname="com.facebook.swift.codec.internal.compiler.TestCompilerToReflectionThriftCodecFactory"/>
  <testcase name="testStructWithRecursionViaNestedListElementTypes" time="0.005" classname="com.facebook.swift.codec.internal.compiler.TestCompilerToReflectionThriftCodecFactory"/>
  <testcase name="testRecursiveStructWithSwiftAnnotation" time="0.005" classname="com.facebook.swift.codec.internal.compiler.TestCompilerToReflectionThriftCodecFactory"/>
  <testcase name="testBeanGeneric" time="0.005" classname="com.facebook.swift.codec.internal.compiler.TestCompilerToReflectionThriftCodecFactory"/>
  <testcase name="testCoRecursive" time="0.011" classname="com.facebook.swift.codec.internal.compiler.TestCompilerToReflectionThriftCodecFactory"/>
  <testcase name="testRecursiveStructWithIdlAnnotation" time="0.005" classname="com.facebook.swift.codec.internal.compiler.TestCompilerToReflectionThriftCodecFactory"/>
  <testcase name="testStructMethod" time="0.005" classname="com.facebook.swift.codec.internal.compiler.TestCompilerToReflectionThriftCodecFactory"/>
  <testcase name="testStructWithRecursionViaListElementTypes" time="0.005" classname="com.facebook.swift.codec.internal.compiler.TestCompilerToReflectionThriftCodecFactory"/>
  <testcase name="testRecursiveUnion" time="0.006" classname="com.facebook.swift.codec.internal.compiler.TestCompilerToReflectionThriftCodecFactory"/>
  <testcase name="testStructWithRecursionViaMapKeyAndValueTypes" time="0.006" classname="com.facebook.swift.codec.internal.compiler.TestCompilerToReflectionThriftCodecFactory"/>
  <testcase name="testStructBean" time="0.005" classname="com.facebook.swift.codec.internal.compiler.TestCompilerToReflectionThriftCodecFactory"/>
  <testcase name="testDefaultCoercion" time="0.014" classname="com.facebook.swift.codec.internal.compiler.TestCompilerToReflectionThriftCodecFactory"/>
  <testcase name="testUnionFields" time="0.005" classname="com.facebook.swift.codec.internal.compiler.TestCompilerToReflectionThriftCodecFactory"/>
  <testcase name="testBeanDerivedFromGeneric" time="0.007" classname="com.facebook.swift.codec.internal.compiler.TestCompilerToReflectionThriftCodecFactory"/>
  <testcase name="testBuilder" time="0.004" classname="com.facebook.swift.codec.internal.compiler.TestCompilerToReflectionThriftCodecFactory"/>
  <testcase name="testUnionFieldsManual" time="0.005" classname="com.facebook.swift.codec.internal.compiler.TestCompilerToReflectionThriftCodecFactory"/>
  <testcase name="testFieldDerivedFromGeneric" time="0.005" classname="com.facebook.swift.codec.internal.compiler.TestCompilerToReflectionThriftCodecFactory"/>
  <testcase name="testRecursiveStructWithoutRecursiveAnnotation" time="0.001" classname="com.facebook.swift.codec.internal.compiler.TestCompilerToReflectionThriftCodecFactory"/>
  <testcase name="testCoRecursiveStartingAtHelper" time="0.011" classname="com.facebook.swift.codec.internal.compiler.TestCompilerToReflectionThriftCodecFactory"/>
  <testcase name="testIsSetBean" time="0.024" classname="com.facebook.swift.codec.internal.compiler.TestCompilerToReflectionThriftCodecFactory"/>
  <testcase name="testOneOfEverythingFieldEmpty" time="0.121" classname="com.facebook.swift.codec.internal.compiler.TestCompilerToReflectionThriftCodecFactory"/>
  <testcase name="testMatchByJavaNameWithThriftNameOverride" time="0.005" classname="com.facebook.swift.codec.internal.compiler.TestCompilerToReflectionThriftCodecFactory"/>
  <testcase name="testStructFields" time="0.004" classname="com.facebook.swift.codec.internal.compiler.TestCompilerToReflectionThriftCodecFactory"/>
</testsuite> <!-- com.facebook.swift.codec.internal.compiler.TestCompilerToReflectionThriftCodecFactory -->
