<?xml version="1.0" encoding="UTF-8"?>
<!-- Generated by org.testng.reporters.JUnitReportReporter -->
<testsuite hostname="server0" name="com.facebook.swift.codec.metadata.TestReflectionHelper" tests="2" failures="0" timestamp="6 Mar 2018 15:03:30 GMT" time="0.001" errors="0">
  <testcase name="testExtractParameterNamesNoAnnotations" time="0.000" classname="com.facebook.swift.codec.metadata.TestReflectionHelper"/>
  <testcase name="testExtractParameterNamesThriftFieldAnnotation" time="0.001" classname="com.facebook.swift.codec.metadata.TestReflectionHelper"/>
</testsuite> <!-- com.facebook.swift.codec.metadata.TestReflectionHelper -->
