<?xml version="1.0" encoding="UTF-8"?>
<!-- Generated by org.testng.reporters.JUnitReportReporter -->
<testsuite hostname="server0" name="com.facebook.swift.codec.TestThriftCodecManager" tests="7" failures="0" timestamp="6 Mar 2018 15:03:30 GMT" time="0.008" errors="0">
  <testcase name="testAddUnionCodec" time="0.002" classname="com.facebook.swift.codec.TestThriftCodecManager"/>
  <testcase name="testBasicTypes" time="0.001" classname="com.facebook.swift.codec.TestThriftCodecManager"/>
  <testcase name="testBasicThriftTypes" time="0.000" classname="com.facebook.swift.codec.TestThriftCodecManager"/>
  <testcase name="testEnum" time="0.002" classname="com.facebook.swift.codec.TestThriftCodecManager"/>
  <testcase name="testCollectionThriftTypes" time="0.000" classname="com.facebook.swift.codec.TestThriftCodecManager"/>
  <testcase name="testAddStructCodec" time="0.002" classname="com.facebook.swift.codec.TestThriftCodecManager"/>
  <testcase name="testCoercedCollection" time="0.001" classname="com.facebook.swift.codec.TestThriftCodecManager"/>
</testsuite> <!-- com.facebook.swift.codec.TestThriftCodecManager -->
