<?xml version="1.0" encoding="UTF-8"?>
<!-- Generated by org.testng.reporters.JUnitReportReporter -->
<testsuite hostname="server0" name="com.facebook.swift.codec.internal.compiler.TestCompilerThriftCodecFactory" tests="37" failures="0" timestamp="5 Mar 2018 19:27:03 GMT" time="0.513" errors="0">
  <testcase name="testFieldDerivedFromGeneric" time="0.006" classname="com.facebook.swift.codec.internal.compiler.TestCompilerThriftCodecFactory"/>
  <testcase name="testStructWithRecursionViaNestedListElementTypes" time="0.004" classname="com.facebook.swift.codec.internal.compiler.TestCompilerThriftCodecFactory"/>
  <testcase name="testStructWithRecursionViaMapKeyAndValueTypes" time="0.003" classname="com.facebook.swift.codec.internal.compiler.TestCompilerThriftCodecFactory"/>
  <testcase name="testOneOfEverythingFieldEmpty" time="0.001" classname="com.facebook.swift.codec.internal.compiler.TestCompilerThriftCodecFactory"/>
  <testcase name="testMatchByJavaNameWithThriftNameOverride" time="0.009" classname="com.facebook.swift.codec.internal.compiler.TestCompilerThriftCodecFactory"/>
  <testcase name="testStructFieldsManual" time="0.001" classname="com.facebook.swift.codec.internal.compiler.TestCompilerThriftCodecFactory"/>
  <testcase name="testCoRecursiveStartingAtHelper" time="0.002" classname="com.facebook.swift.codec.internal.compiler.TestCompilerThriftCodecFactory"/>
  <testcase name="testCoRecursiveTree" time="0.017" classname="com.facebook.swift.codec.internal.compiler.TestCompilerThriftCodecFactory"/>
  <testcase name="testStructBean" time="0.003" classname="com.facebook.swift.codec.internal.compiler.TestCompilerThriftCodecFactory"/>
  <testcase name="testDefaultCoercion" time="0.021" classname="com.facebook.swift.codec.internal.compiler.TestCompilerThriftCodecFactory"/>
  <testcase name="testFieldGeneric" time="0.007" classname="com.facebook.swift.codec.internal.compiler.TestCompilerThriftCodecFactory"/>
  <testcase name="testStructFields" time="0.001" classname="com.facebook.swift.codec.internal.compiler.TestCompilerThriftCodecFactory"/>
  <testcase name="testUnionFields" time="0.000" classname="com.facebook.swift.codec.internal.compiler.TestCompilerThriftCodecFactory"/>
  <testcase name="testStructWithRecursionViaListElementTypes" time="0.004" classname="com.facebook.swift.codec.internal.compiler.TestCompilerThriftCodecFactory"/>
  <testcase name="testUnionBean" time="0.005" classname="com.facebook.swift.codec.internal.compiler.TestCompilerThriftCodecFactory"/>
  <testcase name="testUnionFieldsManual" time="0.001" classname="com.facebook.swift.codec.internal.compiler.TestCompilerThriftCodecFactory"/>
  <testcase name="testUnionConstructor" time="0.009" classname="com.facebook.swift.codec.internal.compiler.TestCompilerThriftCodecFactory"/>
  <testcase name="testOneOfEverythingField" time="0.115" classname="com.facebook.swift.codec.internal.compiler.TestCompilerThriftCodecFactory"/>
  <testcase name="testRecursiveStructWithIdlAnnotation" time="0.004" classname="com.facebook.swift.codec.internal.compiler.TestCompilerThriftCodecFactory"/>
  <testcase name="testArraysManual" time="0.007" classname="com.facebook.swift.codec.internal.compiler.TestCompilerThriftCodecFactory"/>
  <testcase name="testArrays" time="0.166" classname="com.facebook.swift.codec.internal.compiler.TestCompilerThriftCodecFactory"/>
  <testcase name="testImmutableDerivedFromGeneric" time="0.008" classname="com.facebook.swift.codec.internal.compiler.TestCompilerThriftCodecFactory"/>
  <testcase name="testBuilder" time="0.011" classname="com.facebook.swift.codec.internal.compiler.TestCompilerThriftCodecFactory"/>
  <testcase name="testRecursiveUnion" time="0.005" classname="com.facebook.swift.codec.internal.compiler.TestCompilerThriftCodecFactory"/>
  <testcase name="testRecursiveStructWithSwiftAnnotation" time="0.005" classname="com.facebook.swift.codec.internal.compiler.TestCompilerThriftCodecFactory"/>
  <testcase name="testIsSetBean" time="0.024" classname="com.facebook.swift.codec.internal.compiler.TestCompilerThriftCodecFactory"/>
  <testcase name="testOneOfEverythingFieldManual" time="0.002" classname="com.facebook.swift.codec.internal.compiler.TestCompilerThriftCodecFactory"/>
  <testcase name="testCoRecursive" time="0.016" classname="com.facebook.swift.codec.internal.compiler.TestCompilerThriftCodecFactory"/>
  <testcase name="testStructMethod" time="0.003" classname="com.facebook.swift.codec.internal.compiler.TestCompilerThriftCodecFactory"/>
  <testcase name="testBeanGeneric" time="0.011" classname="com.facebook.swift.codec.internal.compiler.TestCompilerThriftCodecFactory"/>
  <testcase name="testGenericFromBuilder" time="0.010" classname="com.facebook.swift.codec.internal.compiler.TestCompilerThriftCodecFactory"/>
  <testcase name="testBeanDerivedFromGeneric" time="0.014" classname="com.facebook.swift.codec.internal.compiler.TestCompilerThriftCodecFactory"/>
  <testcase name="testRecursiveStructWithoutRecursiveAnnotation" time="0.001" classname="com.facebook.swift.codec.internal.compiler.TestCompilerThriftCodecFactory"/>
  <testcase name="testUnionConstructorDuplicateTypes" time="0.004" classname="com.facebook.swift.codec.internal.compiler.TestCompilerThriftCodecFactory"/>
  <testcase name="testStructConstructor" time="0.003" classname="com.facebook.swift.codec.internal.compiler.TestCompilerThriftCodecFactory"/>
  <testcase name="testImmutableGeneric" time="0.005" classname="com.facebook.swift.codec.internal.compiler.TestCompilerThriftCodecFactory"/>
  <testcase name="testRecursiveDefaultUnion" time="0.005" classname="com.facebook.swift.codec.internal.compiler.TestCompilerThriftCodecFactory"/>
</testsuite> <!-- com.facebook.swift.codec.internal.compiler.TestCompilerThriftCodecFactory -->
