<?xml version="1.0" encoding="UTF-8"?>
<!-- Generated by org.testng.reporters.JUnitReportReporter -->
<testsuite hostname="server0" name="com.facebook.swift.codec.metadata.TestThriftStructMetadataBuilder" tests="10" failures="0" timestamp="6 Mar 2018 15:03:30 GMT" time="0.007" errors="0">
  <testcase name="testMultipleNames" time="0.001" classname="com.facebook.swift.codec.metadata.TestThriftStructMetadataBuilder"/>
  <testcase name="testMultipleIds" time="0.000" classname="com.facebook.swift.codec.metadata.TestThriftStructMetadataBuilder"/>
  <testcase name="testMultipleTypes" time="0.001" classname="com.facebook.swift.codec.metadata.TestThriftStructMetadataBuilder"/>
  <testcase name="testMulitpleRequiredness" time="0.001" classname="com.facebook.swift.codec.metadata.TestThriftStructMetadataBuilder"/>
  <testcase name="testNoId" time="0.001" classname="com.facebook.swift.codec.metadata.TestThriftStructMetadataBuilder"/>
  <testcase name="testGenericBuilderForNonGenericStruct" time="0.000" classname="com.facebook.swift.codec.metadata.TestThriftStructMetadataBuilder"/>
  <testcase name="testNonFinalStructsOk" time="0.000" classname="com.facebook.swift.codec.metadata.TestThriftStructMetadataBuilder"/>
  <testcase name="testMergeableRequiredness" time="0.001" classname="com.facebook.swift.codec.metadata.TestThriftStructMetadataBuilder"/>
  <testcase name="testGenericBuilder" time="0.001" classname="com.facebook.swift.codec.metadata.TestThriftStructMetadataBuilder"/>
  <testcase name="testUnsupportedType" time="0.001" classname="com.facebook.swift.codec.metadata.TestThriftStructMetadataBuilder"/>
</testsuite> <!-- com.facebook.swift.codec.metadata.TestThriftStructMetadataBuilder -->
