<?xml version="1.0" encoding="UTF-8"?>
<!-- Generated by org.testng.reporters.JUnitReportReporter -->
<testsuite hostname="server0" name="com.facebook.swift.codec.metadata.TestLegacyFieldIds" tests="5" failures="0" timestamp="6 Mar 2018 15:03:30 GMT" time="0.014" errors="0">
  <testcase name="testLegacyIdCorrectlyAnnotated" time="0.004" classname="com.facebook.swift.codec.metadata.TestLegacyFieldIds"/>
  <testcase name="testLegacyIdCorrectlyAnnotatedWhitebox" time="0.003" classname="com.facebook.swift.codec.metadata.TestLegacyFieldIds"/>
  <testcase name="testLegacyIdOnUnion" time="0.002" classname="com.facebook.swift.codec.metadata.TestLegacyFieldIds"/>
  <testcase name="testLegacyIdIncorrect" time="0.004" classname="com.facebook.swift.codec.metadata.TestLegacyFieldIds"/>
  <testcase name="testGetThriftFieldIsLegacyId" time="0.001" classname="com.facebook.swift.codec.metadata.TestLegacyFieldIds"/>
</testsuite> <!-- com.facebook.swift.codec.metadata.TestLegacyFieldIds -->
