<?xml version="1.0" encoding="UTF-8"?>
<!-- Generated by org.testng.reporters.JUnitReportReporter -->
<testsuite hostname="server0" name="com.facebook.swift.codec.metadata.TestThriftUnionMetadata" tests="5" failures="0" timestamp="5 Mar 2018 19:27:03 GMT" time="0.006" errors="0">
  <testcase name="testConstructor" time="0.001" classname="com.facebook.swift.codec.metadata.TestThriftUnionMetadata"/>
  <testcase name="testMethod" time="0.001" classname="com.facebook.swift.codec.metadata.TestThriftUnionMetadata"/>
  <testcase name="testBuilder" time="0.002" classname="com.facebook.swift.codec.metadata.TestThriftUnionMetadata"/>
  <testcase name="testField" time="0.001" classname="com.facebook.swift.codec.metadata.TestThriftUnionMetadata"/>
  <testcase name="testBean" time="0.001" classname="com.facebook.swift.codec.metadata.TestThriftUnionMetadata"/>
</testsuite> <!-- com.facebook.swift.codec.metadata.TestThriftUnionMetadata -->
