<?xml version="1.0" encoding="UTF-8"?>
<!-- Generated by org.testng.reporters.JUnitReportReporter -->
<testsuite hostname="server0" name="com.facebook.swift.testing.TestingUtilsTest" tests="1" failures="0" timestamp="5 Mar 2018 19:26:56 GMT" time="0.024" errors="0">
  <testcase name="sanity" time="0.024" classname="com.facebook.swift.testing.TestingUtilsTest"/>
</testsuite> <!-- com.facebook.swift.testing.TestingUtilsTest -->
