<?xml version="1.0" encoding="UTF-8"?>
<testsuite name="TestSuite" time="1.584" tests="195" errors="0" skipped="0" failures="0">
  <properties>
    <property name="java.runtime.name" value="Java(TM) SE Runtime Environment"/>
    <property name="sun.boot.library.path" value="/opt/jdk/jdk1.8.0_151/jre/lib/amd64"/>
    <property name="java.vm.version" value="25.151-b12"/>
    <property name="java.vm.vendor" value="Oracle Corporation"/>
    <property name="maven.multiModuleProjectDirectory" value="/root/facebook_swift"/>
    <property name="java.vendor.url" value="http://java.oracle.com/"/>
    <property name="path.separator" value=":"/>
    <property name="guice.disable.misplaced.annotation.check" value="true"/>
    <property name="java.vm.name" value="Java HotSpot(TM) 64-Bit Server VM"/>
    <property name="file.encoding.pkg" value="sun.io"/>
    <property name="user.country" value="US"/>
    <property name="sun.java.launcher" value="SUN_STANDARD"/>
    <property name="sun.os.patch.level" value="unknown"/>
    <property name="java.vm.specification.name" value="Java Virtual Machine Specification"/>
    <property name="user.dir" value="/root/facebook_swift"/>
    <property name="java.runtime.version" value="1.8.0_151-b12"/>
    <property name="java.awt.graphicsenv" value="sun.awt.X11GraphicsEnvironment"/>
    <property name="java.endorsed.dirs" value="/opt/jdk/jdk1.8.0_151/jre/lib/endorsed"/>
    <property name="os.arch" value="amd64"/>
    <property name="java.io.tmpdir" value="/tmp"/>
    <property name="line.separator" value="&#10;"/>
    <property name="java.vm.specification.vendor" value="Oracle Corporation"/>
    <property name="os.name" value="Linux"/>
    <property name="classworlds.conf" value="/usr/local/apache-maven/apache-maven-3.3.9/bin/m2.conf"/>
    <property name="sun.jnu.encoding" value="UTF-8"/>
    <property name="java.library.path" value="/usr/java/packages/lib/amd64:/usr/lib64:/lib64:/lib:/usr/lib"/>
    <property name="license.skip" value="true"/>
    <property name="java.specification.name" value="Java Platform API Specification"/>
    <property name="java.class.version" value="52.0"/>
    <property name="sun.management.compiler" value="HotSpot 64-Bit Tiered Compilers"/>
    <property name="os.version" value="3.16.0-4-amd64"/>
    <property name="user.home" value="/root"/>
    <property name="user.timezone" value="Europe/Berlin"/>
    <property name="java.awt.printerjob" value="sun.print.PSPrinterJob"/>
    <property name="java.specification.version" value="1.8"/>
    <property name="file.encoding" value="UTF-8"/>
    <property name="user.name" value="root"/>
    <property name="java.class.path" value="/usr/local/apache-maven/apache-maven-3.3.9/boot/plexus-classworlds-2.5.2.jar"/>
    <property name="java.vm.specification.version" value="1.8"/>
    <property name="sun.arch.data.model" value="64"/>
    <property name="java.home" value="/opt/jdk/jdk1.8.0_151/jre"/>
    <property name="sun.java.command" value="org.codehaus.plexus.classworlds.launcher.Launcher install -e license:format -Dlicense.skip=true"/>
    <property name="java.specification.vendor" value="Oracle Corporation"/>
    <property name="user.language" value="en"/>
    <property name="awt.toolkit" value="sun.awt.X11.XToolkit"/>
    <property name="java.vm.info" value="mixed mode"/>
    <property name="java.version" value="1.8.0_151"/>
    <property name="java.ext.dirs" value="/opt/jdk/jdk1.8.0_151/jre/lib/ext:/usr/java/packages/lib/ext"/>
    <property name="securerandom.source" value="file:/dev/./urandom"/>
    <property name="sun.boot.class.path" value="/opt/jdk/jdk1.8.0_151/jre/lib/resources.jar:/opt/jdk/jdk1.8.0_151/jre/lib/rt.jar:/opt/jdk/jdk1.8.0_151/jre/lib/sunrsasign.jar:/opt/jdk/jdk1.8.0_151/jre/lib/jsse.jar:/opt/jdk/jdk1.8.0_151/jre/lib/jce.jar:/opt/jdk/jdk1.8.0_151/jre/lib/charsets.jar:/opt/jdk/jdk1.8.0_151/jre/lib/jfr.jar:/opt/jdk/jdk1.8.0_151/jre/classes"/>
    <property name="java.vendor" value="Oracle Corporation"/>
    <property name="maven.home" value="/usr/local/apache-maven/apache-maven-3.3.9"/>
    <property name="file.separator" value="/"/>
    <property name="java.vendor.url.bug" value="http://bugreport.sun.com/bugreport/"/>
    <property name="sun.cpu.endian" value="little"/>
    <property name="sun.io.unicode.encoding" value="UnicodeLittle"/>
    <property name="sun.cpu.isalist" value=""/>
  </properties>
  <testcase name="testArrays" classname="com.facebook.swift.codec.internal.compiler.TestCompilerThriftCodecFactory" time="0.177"/>
  <testcase name="testArraysManual" classname="com.facebook.swift.codec.internal.compiler.TestCompilerThriftCodecFactory" time="0.009"/>
  <testcase name="testBeanDerivedFromGeneric" classname="com.facebook.swift.codec.internal.compiler.TestCompilerThriftCodecFactory" time="0.013"/>
  <testcase name="testBeanGeneric" classname="com.facebook.swift.codec.internal.compiler.TestCompilerThriftCodecFactory" time="0.009"/>
  <testcase name="testBuilder" classname="com.facebook.swift.codec.internal.compiler.TestCompilerThriftCodecFactory" time="0.009"/>
  <testcase name="testCoRecursive" classname="com.facebook.swift.codec.internal.compiler.TestCompilerThriftCodecFactory" time="0.016"/>
  <testcase name="testCoRecursiveStartingAtHelper" classname="com.facebook.swift.codec.internal.compiler.TestCompilerThriftCodecFactory" time="0"/>
  <testcase name="testCoRecursiveTree" classname="com.facebook.swift.codec.internal.compiler.TestCompilerThriftCodecFactory" time="0.016"/>
  <testcase name="testDefaultCoercion" classname="com.facebook.swift.codec.internal.compiler.TestCompilerThriftCodecFactory" time="0.013"/>
  <testcase name="testFieldDerivedFromGeneric" classname="com.facebook.swift.codec.internal.compiler.TestCompilerThriftCodecFactory" time="0.005"/>
  <testcase name="testFieldGeneric" classname="com.facebook.swift.codec.internal.compiler.TestCompilerThriftCodecFactory" time="0.004"/>
  <testcase name="testGenericFromBuilder" classname="com.facebook.swift.codec.internal.compiler.TestCompilerThriftCodecFactory" time="0.008"/>
  <testcase name="testImmutableDerivedFromGeneric" classname="com.facebook.swift.codec.internal.compiler.TestCompilerThriftCodecFactory" time="0.008"/>
  <testcase name="testImmutableGeneric" classname="com.facebook.swift.codec.internal.compiler.TestCompilerThriftCodecFactory" time="0.005"/>
  <testcase name="testIsSetBean" classname="com.facebook.swift.codec.internal.compiler.TestCompilerThriftCodecFactory" time="0.019"/>
  <testcase name="testMatchByJavaNameWithThriftNameOverride" classname="com.facebook.swift.codec.internal.compiler.TestCompilerThriftCodecFactory" time="0.006"/>
  <testcase name="testOneOfEverythingField" classname="com.facebook.swift.codec.internal.compiler.TestCompilerThriftCodecFactory" time="0.123"/>
  <testcase name="testOneOfEverythingFieldEmpty" classname="com.facebook.swift.codec.internal.compiler.TestCompilerThriftCodecFactory" time="0"/>
  <testcase name="testOneOfEverythingFieldManual" classname="com.facebook.swift.codec.internal.compiler.TestCompilerThriftCodecFactory" time="0"/>
  <testcase name="testRecursiveDefaultUnion" classname="com.facebook.swift.codec.internal.compiler.TestCompilerThriftCodecFactory" time="0"/>
  <testcase name="testRecursiveStructWithIdlAnnotation" classname="com.facebook.swift.codec.internal.compiler.TestCompilerThriftCodecFactory" time="0.002"/>
  <testcase name="testRecursiveStructWithSwiftAnnotation" classname="com.facebook.swift.codec.internal.compiler.TestCompilerThriftCodecFactory" time="0.006"/>
  <testcase name="testRecursiveStructWithoutRecursiveAnnotation" classname="com.facebook.swift.codec.internal.compiler.TestCompilerThriftCodecFactory" time="0.002"/>
  <testcase name="testRecursiveUnion" classname="com.facebook.swift.codec.internal.compiler.TestCompilerThriftCodecFactory" time="0.008"/>
  <testcase name="testStructBean" classname="com.facebook.swift.codec.internal.compiler.TestCompilerThriftCodecFactory" time="0.005"/>
  <testcase name="testStructConstructor" classname="com.facebook.swift.codec.internal.compiler.TestCompilerThriftCodecFactory" time="0.005"/>
  <testcase name="testStructFields" classname="com.facebook.swift.codec.internal.compiler.TestCompilerThriftCodecFactory" time="0"/>
  <testcase name="testStructFieldsManual" classname="com.facebook.swift.codec.internal.compiler.TestCompilerThriftCodecFactory" time="0.002"/>
  <testcase name="testStructMethod" classname="com.facebook.swift.codec.internal.compiler.TestCompilerThriftCodecFactory" time="0.004"/>
  <testcase name="testStructWithRecursionViaListElementTypes" classname="com.facebook.swift.codec.internal.compiler.TestCompilerThriftCodecFactory" time="0.005"/>
  <testcase name="testStructWithRecursionViaMapKeyAndValueTypes" classname="com.facebook.swift.codec.internal.compiler.TestCompilerThriftCodecFactory" time="0.005"/>
  <testcase name="testStructWithRecursionViaNestedListElementTypes" classname="com.facebook.swift.codec.internal.compiler.TestCompilerThriftCodecFactory" time="0.006"/>
  <testcase name="testUnionBean" classname="com.facebook.swift.codec.internal.compiler.TestCompilerThriftCodecFactory" time="0.006"/>
  <testcase name="testUnionConstructor" classname="com.facebook.swift.codec.internal.compiler.TestCompilerThriftCodecFactory" time="0.008"/>
  <testcase name="testUnionConstructorDuplicateTypes" classname="com.facebook.swift.codec.internal.compiler.TestCompilerThriftCodecFactory" time="0.006"/>
  <testcase name="testUnionFields" classname="com.facebook.swift.codec.internal.compiler.TestCompilerThriftCodecFactory" time="0"/>
  <testcase name="testUnionFieldsManual" classname="com.facebook.swift.codec.internal.compiler.TestCompilerThriftCodecFactory" time="0.002"/>
  <testcase name="testArrays" classname="com.facebook.swift.codec.internal.compiler.TestCompilerToReflectionThriftCodecFactory" time="0.022"/>
  <testcase name="testArraysManual" classname="com.facebook.swift.codec.internal.compiler.TestCompilerToReflectionThriftCodecFactory" time="0.012"/>
  <testcase name="testBeanDerivedFromGeneric" classname="com.facebook.swift.codec.internal.compiler.TestCompilerToReflectionThriftCodecFactory" time="0.006"/>
  <testcase name="testBeanGeneric" classname="com.facebook.swift.codec.internal.compiler.TestCompilerToReflectionThriftCodecFactory" time="0.004"/>
  <testcase name="testBuilder" classname="com.facebook.swift.codec.internal.compiler.TestCompilerToReflectionThriftCodecFactory" time="0.005"/>
  <testcase name="testCoRecursive" classname="com.facebook.swift.codec.internal.compiler.TestCompilerToReflectionThriftCodecFactory" time="0.01"/>
  <testcase name="testCoRecursiveStartingAtHelper" classname="com.facebook.swift.codec.internal.compiler.TestCompilerToReflectionThriftCodecFactory" time="0.009"/>
  <testcase name="testCoRecursiveTree" classname="com.facebook.swift.codec.internal.compiler.TestCompilerToReflectionThriftCodecFactory" time="0.011"/>
  <testcase name="testDefaultCoercion" classname="com.facebook.swift.codec.internal.compiler.TestCompilerToReflectionThriftCodecFactory" time="0.014"/>
  <testcase name="testFieldDerivedFromGeneric" classname="com.facebook.swift.codec.internal.compiler.TestCompilerToReflectionThriftCodecFactory" time="0.006"/>
  <testcase name="testFieldGeneric" classname="com.facebook.swift.codec.internal.compiler.TestCompilerToReflectionThriftCodecFactory" time="0.005"/>
  <testcase name="testGenericFromBuilder" classname="com.facebook.swift.codec.internal.compiler.TestCompilerToReflectionThriftCodecFactory" time="0.007"/>
  <testcase name="testImmutableDerivedFromGeneric" classname="com.facebook.swift.codec.internal.compiler.TestCompilerToReflectionThriftCodecFactory" time="0.006"/>
  <testcase name="testImmutableGeneric" classname="com.facebook.swift.codec.internal.compiler.TestCompilerToReflectionThriftCodecFactory" time="0.005"/>
  <testcase name="testIsSetBean" classname="com.facebook.swift.codec.internal.compiler.TestCompilerToReflectionThriftCodecFactory" time="0.024"/>
  <testcase name="testMatchByJavaNameWithThriftNameOverride" classname="com.facebook.swift.codec.internal.compiler.TestCompilerToReflectionThriftCodecFactory" time="0.004"/>
  <testcase name="testOneOfEverythingField" classname="com.facebook.swift.codec.internal.compiler.TestCompilerToReflectionThriftCodecFactory" time="0.142"/>
  <testcase name="testOneOfEverythingFieldEmpty" classname="com.facebook.swift.codec.internal.compiler.TestCompilerToReflectionThriftCodecFactory" time="0.119"/>
  <testcase name="testOneOfEverythingFieldManual" classname="com.facebook.swift.codec.internal.compiler.TestCompilerToReflectionThriftCodecFactory" time="0.03"/>
  <testcase name="testRecursiveDefaultUnion" classname="com.facebook.swift.codec.internal.compiler.TestCompilerToReflectionThriftCodecFactory" time="0.005"/>
  <testcase name="testRecursiveStructWithIdlAnnotation" classname="com.facebook.swift.codec.internal.compiler.TestCompilerToReflectionThriftCodecFactory" time="0.004"/>
  <testcase name="testRecursiveStructWithSwiftAnnotation" classname="com.facebook.swift.codec.internal.compiler.TestCompilerToReflectionThriftCodecFactory" time="0.004"/>
  <testcase name="testRecursiveStructWithoutRecursiveAnnotation" classname="com.facebook.swift.codec.internal.compiler.TestCompilerToReflectionThriftCodecFactory" time="0.001"/>
  <testcase name="testRecursiveUnion" classname="com.facebook.swift.codec.internal.compiler.TestCompilerToReflectionThriftCodecFactory" time="0.004"/>
  <testcase name="testStructBean" classname="com.facebook.swift.codec.internal.compiler.TestCompilerToReflectionThriftCodecFactory" time="0.004"/>
  <testcase name="testStructConstructor" classname="com.facebook.swift.codec.internal.compiler.TestCompilerToReflectionThriftCodecFactory" time="0.003"/>
  <testcase name="testStructFields" classname="com.facebook.swift.codec.internal.compiler.TestCompilerToReflectionThriftCodecFactory" time="0.003"/>
  <testcase name="testStructFieldsManual" classname="com.facebook.swift.codec.internal.compiler.TestCompilerToReflectionThriftCodecFactory" time="0.002"/>
  <testcase name="testStructMethod" classname="com.facebook.swift.codec.internal.compiler.TestCompilerToReflectionThriftCodecFactory" time="0.004"/>
  <testcase name="testStructWithRecursionViaListElementTypes" classname="com.facebook.swift.codec.internal.compiler.TestCompilerToReflectionThriftCodecFactory" time="0.004"/>
  <testcase name="testStructWithRecursionViaMapKeyAndValueTypes" classname="com.facebook.swift.codec.internal.compiler.TestCompilerToReflectionThriftCodecFactory" time="0.004"/>
  <testcase name="testStructWithRecursionViaNestedListElementTypes" classname="com.facebook.swift.codec.internal.compiler.TestCompilerToReflectionThriftCodecFactory" time="0.004"/>
  <testcase name="testUnionBean" classname="com.facebook.swift.codec.internal.compiler.TestCompilerToReflectionThriftCodecFactory" time="0.006"/>
  <testcase name="testUnionConstructor" classname="com.facebook.swift.codec.internal.compiler.TestCompilerToReflectionThriftCodecFactory" time="0.006"/>
  <testcase name="testUnionConstructorDuplicateTypes" classname="com.facebook.swift.codec.internal.compiler.TestCompilerToReflectionThriftCodecFactory" time="0.004"/>
  <testcase name="testUnionFields" classname="com.facebook.swift.codec.internal.compiler.TestCompilerToReflectionThriftCodecFactory" time="0.005"/>
  <testcase name="testUnionFieldsManual" classname="com.facebook.swift.codec.internal.compiler.TestCompilerToReflectionThriftCodecFactory" time="0.004"/>
  <testcase name="testArrays" classname="com.facebook.swift.codec.internal.reflection.TestReflectionThriftCodecFactory" time="0.004"/>
  <testcase name="testArraysManual" classname="com.facebook.swift.codec.internal.reflection.TestReflectionThriftCodecFactory" time="0.003"/>
  <testcase name="testBeanDerivedFromGeneric" classname="com.facebook.swift.codec.internal.reflection.TestReflectionThriftCodecFactory" time="0.001"/>
  <testcase name="testBeanGeneric" classname="com.facebook.swift.codec.internal.reflection.TestReflectionThriftCodecFactory" time="0.001"/>
  <testcase name="testBuilder" classname="com.facebook.swift.codec.internal.reflection.TestReflectionThriftCodecFactory" time="0.001"/>
  <testcase name="testCoRecursive" classname="com.facebook.swift.codec.internal.reflection.TestReflectionThriftCodecFactory" time="0.001"/>
  <testcase name="testCoRecursiveStartingAtHelper" classname="com.facebook.swift.codec.internal.reflection.TestReflectionThriftCodecFactory" time="0"/>
  <testcase name="testCoRecursiveTree" classname="com.facebook.swift.codec.internal.reflection.TestReflectionThriftCodecFactory" time="0.002"/>
  <testcase name="testDefaultCoercion" classname="com.facebook.swift.codec.internal.reflection.TestReflectionThriftCodecFactory" time="0.002"/>
  <testcase name="testFieldDerivedFromGeneric" classname="com.facebook.swift.codec.internal.reflection.TestReflectionThriftCodecFactory" time="0.001"/>
  <testcase name="testFieldGeneric" classname="com.facebook.swift.codec.internal.reflection.TestReflectionThriftCodecFactory" time="0.001"/>
  <testcase name="testGenericFromBuilder" classname="com.facebook.swift.codec.internal.reflection.TestReflectionThriftCodecFactory" time="0.001"/>
  <testcase name="testImmutableDerivedFromGeneric" classname="com.facebook.swift.codec.internal.reflection.TestReflectionThriftCodecFactory" time="0.001"/>
  <testcase name="testImmutableGeneric" classname="com.facebook.swift.codec.internal.reflection.TestReflectionThriftCodecFactory" time="0"/>
  <testcase name="testIsSetBean" classname="com.facebook.swift.codec.internal.reflection.TestReflectionThriftCodecFactory" time="0.004"/>
  <testcase name="testMatchByJavaNameWithThriftNameOverride" classname="com.facebook.swift.codec.internal.reflection.TestReflectionThriftCodecFactory" time="0.001"/>
  <testcase name="testOneOfEverythingField" classname="com.facebook.swift.codec.internal.reflection.TestReflectionThriftCodecFactory" time="0.019"/>
  <testcase name="testOneOfEverythingFieldEmpty" classname="com.facebook.swift.codec.internal.reflection.TestReflectionThriftCodecFactory" time="0.001"/>
  <testcase name="testOneOfEverythingFieldManual" classname="com.facebook.swift.codec.internal.reflection.TestReflectionThriftCodecFactory" time="0"/>
  <testcase name="testRecursiveDefaultUnion" classname="com.facebook.swift.codec.internal.reflection.TestReflectionThriftCodecFactory" time="0.001"/>
  <testcase name="testRecursiveStructWithIdlAnnotation" classname="com.facebook.swift.codec.internal.reflection.TestReflectionThriftCodecFactory" time="0.001"/>
  <testcase name="testRecursiveStructWithSwiftAnnotation" classname="com.facebook.swift.codec.internal.reflection.TestReflectionThriftCodecFactory" time="0.001"/>
  <testcase name="testRecursiveStructWithoutRecursiveAnnotation" classname="com.facebook.swift.codec.internal.reflection.TestReflectionThriftCodecFactory" time="0"/>
  <testcase name="testRecursiveUnion" classname="com.facebook.swift.codec.internal.reflection.TestReflectionThriftCodecFactory" time="0.001"/>
  <testcase name="testStructBean" classname="com.facebook.swift.codec.internal.reflection.TestReflectionThriftCodecFactory" time="0.001"/>
  <testcase name="testStructConstructor" classname="com.facebook.swift.codec.internal.reflection.TestReflectionThriftCodecFactory" time="0.001"/>
  <testcase name="testStructFields" classname="com.facebook.swift.codec.internal.reflection.TestReflectionThriftCodecFactory" time="0"/>
  <testcase name="testStructFieldsManual" classname="com.facebook.swift.codec.internal.reflection.TestReflectionThriftCodecFactory" time="0"/>
  <testcase name="testStructMethod" classname="com.facebook.swift.codec.internal.reflection.TestReflectionThriftCodecFactory" time="0.001"/>
  <testcase name="testStructWithRecursionViaListElementTypes" classname="com.facebook.swift.codec.internal.reflection.TestReflectionThriftCodecFactory" time="0.001"/>
  <testcase name="testStructWithRecursionViaMapKeyAndValueTypes" classname="com.facebook.swift.codec.internal.reflection.TestReflectionThriftCodecFactory" time="0.001"/>
  <testcase name="testStructWithRecursionViaNestedListElementTypes" classname="com.facebook.swift.codec.internal.reflection.TestReflectionThriftCodecFactory" time="0.001"/>
  <testcase name="testUnionBean" classname="com.facebook.swift.codec.internal.reflection.TestReflectionThriftCodecFactory" time="0.001"/>
  <testcase name="testUnionConstructor" classname="com.facebook.swift.codec.internal.reflection.TestReflectionThriftCodecFactory" time="0.001"/>
  <testcase name="testUnionConstructorDuplicateTypes" classname="com.facebook.swift.codec.internal.reflection.TestReflectionThriftCodecFactory" time="0.001"/>
  <testcase name="testUnionFields" classname="com.facebook.swift.codec.internal.reflection.TestReflectionThriftCodecFactory" time="0"/>
  <testcase name="testUnionFieldsManual" classname="com.facebook.swift.codec.internal.reflection.TestReflectionThriftCodecFactory" time="0.002"/>
  <testcase name="testArrays" classname="com.facebook.swift.codec.internal.reflection.TestReflectionToCompilerThriftCodecFactory" time="0.016"/>
  <testcase name="testArraysManual" classname="com.facebook.swift.codec.internal.reflection.TestReflectionToCompilerThriftCodecFactory" time="0.005"/>
  <testcase name="testBeanDerivedFromGeneric" classname="com.facebook.swift.codec.internal.reflection.TestReflectionToCompilerThriftCodecFactory" time="0.004"/>
  <testcase name="testBeanGeneric" classname="com.facebook.swift.codec.internal.reflection.TestReflectionToCompilerThriftCodecFactory" time="0.003"/>
  <testcase name="testBuilder" classname="com.facebook.swift.codec.internal.reflection.TestReflectionToCompilerThriftCodecFactory" time="0.003"/>
  <testcase name="testCoRecursive" classname="com.facebook.swift.codec.internal.reflection.TestReflectionToCompilerThriftCodecFactory" time="0.005"/>
  <testcase name="testCoRecursiveStartingAtHelper" classname="com.facebook.swift.codec.internal.reflection.TestReflectionToCompilerThriftCodecFactory" time="0.007"/>
  <testcase name="testCoRecursiveTree" classname="com.facebook.swift.codec.internal.reflection.TestReflectionToCompilerThriftCodecFactory" time="0.008"/>
  <testcase name="testDefaultCoercion" classname="com.facebook.swift.codec.internal.reflection.TestReflectionToCompilerThriftCodecFactory" time="0.006"/>
  <testcase name="testFieldDerivedFromGeneric" classname="com.facebook.swift.codec.internal.reflection.TestReflectionToCompilerThriftCodecFactory" time="0.003"/>
  <testcase name="testFieldGeneric" classname="com.facebook.swift.codec.internal.reflection.TestReflectionToCompilerThriftCodecFactory" time="0.002"/>
  <testcase name="testGenericFromBuilder" classname="com.facebook.swift.codec.internal.reflection.TestReflectionToCompilerThriftCodecFactory" time="0.006"/>
  <testcase name="testImmutableDerivedFromGeneric" classname="com.facebook.swift.codec.internal.reflection.TestReflectionToCompilerThriftCodecFactory" time="0.004"/>
  <testcase name="testImmutableGeneric" classname="com.facebook.swift.codec.internal.reflection.TestReflectionToCompilerThriftCodecFactory" time="0.002"/>
  <testcase name="testIsSetBean" classname="com.facebook.swift.codec.internal.reflection.TestReflectionToCompilerThriftCodecFactory" time="0.012"/>
  <testcase name="testMatchByJavaNameWithThriftNameOverride" classname="com.facebook.swift.codec.internal.reflection.TestReflectionToCompilerThriftCodecFactory" time="0.003"/>
  <testcase name="testOneOfEverythingField" classname="com.facebook.swift.codec.internal.reflection.TestReflectionToCompilerThriftCodecFactory" time="0.071"/>
  <testcase name="testOneOfEverythingFieldEmpty" classname="com.facebook.swift.codec.internal.reflection.TestReflectionToCompilerThriftCodecFactory" time="0.076"/>
  <testcase name="testOneOfEverythingFieldManual" classname="com.facebook.swift.codec.internal.reflection.TestReflectionToCompilerThriftCodecFactory" time="0.015"/>
  <testcase name="testRecursiveDefaultUnion" classname="com.facebook.swift.codec.internal.reflection.TestReflectionToCompilerThriftCodecFactory" time="0.004"/>
  <testcase name="testRecursiveStructWithIdlAnnotation" classname="com.facebook.swift.codec.internal.reflection.TestReflectionToCompilerThriftCodecFactory" time="0.003"/>
  <testcase name="testRecursiveStructWithSwiftAnnotation" classname="com.facebook.swift.codec.internal.reflection.TestReflectionToCompilerThriftCodecFactory" time="0.004"/>
  <testcase name="testRecursiveStructWithoutRecursiveAnnotation" classname="com.facebook.swift.codec.internal.reflection.TestReflectionToCompilerThriftCodecFactory" time="0.001"/>
  <testcase name="testRecursiveUnion" classname="com.facebook.swift.codec.internal.reflection.TestReflectionToCompilerThriftCodecFactory" time="0.004"/>
  <testcase name="testStructBean" classname="com.facebook.swift.codec.internal.reflection.TestReflectionToCompilerThriftCodecFactory" time="0.003"/>
  <testcase name="testStructConstructor" classname="com.facebook.swift.codec.internal.reflection.TestReflectionToCompilerThriftCodecFactory" time="0.003"/>
  <testcase name="testStructFields" classname="com.facebook.swift.codec.internal.reflection.TestReflectionToCompilerThriftCodecFactory" time="0.002"/>
  <testcase name="testStructFieldsManual" classname="com.facebook.swift.codec.internal.reflection.TestReflectionToCompilerThriftCodecFactory" time="0.002"/>
  <testcase name="testStructMethod" classname="com.facebook.swift.codec.internal.reflection.TestReflectionToCompilerThriftCodecFactory" time="0.003"/>
  <testcase name="testStructWithRecursionViaListElementTypes" classname="com.facebook.swift.codec.internal.reflection.TestReflectionToCompilerThriftCodecFactory" time="0.002"/>
  <testcase name="testStructWithRecursionViaMapKeyAndValueTypes" classname="com.facebook.swift.codec.internal.reflection.TestReflectionToCompilerThriftCodecFactory" time="0.004"/>
  <testcase name="testStructWithRecursionViaNestedListElementTypes" classname="com.facebook.swift.codec.internal.reflection.TestReflectionToCompilerThriftCodecFactory" time="0.005"/>
  <testcase name="testUnionBean" classname="com.facebook.swift.codec.internal.reflection.TestReflectionToCompilerThriftCodecFactory" time="0.006"/>
  <testcase name="testUnionConstructor" classname="com.facebook.swift.codec.internal.reflection.TestReflectionToCompilerThriftCodecFactory" time="0.006"/>
  <testcase name="testUnionConstructorDuplicateTypes" classname="com.facebook.swift.codec.internal.reflection.TestReflectionToCompilerThriftCodecFactory" time="0.003"/>
  <testcase name="testUnionFields" classname="com.facebook.swift.codec.internal.reflection.TestReflectionToCompilerThriftCodecFactory" time="0.005"/>
  <testcase name="testUnionFieldsManual" classname="com.facebook.swift.codec.internal.reflection.TestReflectionToCompilerThriftCodecFactory" time="0.002"/>
  <testcase name="testGetThriftFieldIsLegacyId" classname="com.facebook.swift.codec.metadata.TestLegacyFieldIds" time="0.001"/>
  <testcase name="testLegacyIdCorrectlyAnnotated" classname="com.facebook.swift.codec.metadata.TestLegacyFieldIds" time="0.004"/>
  <testcase name="testLegacyIdCorrectlyAnnotatedWhitebox" classname="com.facebook.swift.codec.metadata.TestLegacyFieldIds" time="0.003"/>
  <testcase name="testLegacyIdIncorrect" classname="com.facebook.swift.codec.metadata.TestLegacyFieldIds" time="0.005"/>
  <testcase name="testLegacyIdOnUnion" classname="com.facebook.swift.codec.metadata.TestLegacyFieldIds" time="0.002"/>
  <testcase name="testExtractParameterNamesNoAnnotations" classname="com.facebook.swift.codec.metadata.TestReflectionHelper" time="0"/>
  <testcase name="testExtractParameterNamesThriftFieldAnnotation" classname="com.facebook.swift.codec.metadata.TestReflectionHelper" time="0.001"/>
  <testcase name="testAddStructCodec" classname="com.facebook.swift.codec.TestThriftCodecManager" time="0.001"/>
  <testcase name="testAddUnionCodec" classname="com.facebook.swift.codec.TestThriftCodecManager" time="0.001"/>
  <testcase name="testBasicThriftTypes" classname="com.facebook.swift.codec.TestThriftCodecManager" time="0"/>
  <testcase name="testBasicTypes" classname="com.facebook.swift.codec.TestThriftCodecManager" time="0"/>
  <testcase name="testCoercedCollection" classname="com.facebook.swift.codec.TestThriftCodecManager" time="0"/>
  <testcase name="testCollectionThriftTypes" classname="com.facebook.swift.codec.TestThriftCodecManager" time="0"/>
  <testcase name="testEnum" classname="com.facebook.swift.codec.TestThriftCodecManager" time="0.001"/>
  <testcase name="testThriftClientAndServerModules" classname="com.facebook.swift.codec.guice.TestThriftCodecModule" time="0.137"/>
  <testcase name="testBean" classname="com.facebook.swift.codec.metadata.TestThriftStructMetadata" time="0.002"/>
  <testcase name="testBuilder" classname="com.facebook.swift.codec.metadata.TestThriftStructMetadata" time="0"/>
  <testcase name="testConstructor" classname="com.facebook.swift.codec.metadata.TestThriftStructMetadata" time="0"/>
  <testcase name="testExceptionWithIdlAnnotationsMap" classname="com.facebook.swift.codec.metadata.TestThriftStructMetadata" time="0.003"/>
  <testcase name="testField" classname="com.facebook.swift.codec.metadata.TestThriftStructMetadata" time="0.001"/>
  <testcase name="testFieldWithConflictingIdlAnnotationMap" classname="com.facebook.swift.codec.metadata.TestThriftStructMetadata" time="0.001"/>
  <testcase name="testFieldWithMatchingIdlAnnotationMaps" classname="com.facebook.swift.codec.metadata.TestThriftStructMetadata" time="0.001"/>
  <testcase name="testFieldWithOneIdlAnnotationMap" classname="com.facebook.swift.codec.metadata.TestThriftStructMetadata" time="0.002"/>
  <testcase name="testMethod" classname="com.facebook.swift.codec.metadata.TestThriftStructMetadata" time="0.001"/>
  <testcase name="testStructWithIdlAnnotationsMap" classname="com.facebook.swift.codec.metadata.TestThriftStructMetadata" time="0.001"/>
  <testcase name="testUnionWithIdlAnnotationsMap" classname="com.facebook.swift.codec.metadata.TestThriftStructMetadata" time="0.002"/>
  <testcase name="testGenericBuilder" classname="com.facebook.swift.codec.metadata.TestThriftStructMetadataBuilder" time="0.002"/>
  <testcase name="testGenericBuilderForNonGenericStruct" classname="com.facebook.swift.codec.metadata.TestThriftStructMetadataBuilder" time="0"/>
  <testcase name="testMergeableRequiredness" classname="com.facebook.swift.codec.metadata.TestThriftStructMetadataBuilder" time="0"/>
  <testcase name="testMulitpleRequiredness" classname="com.facebook.swift.codec.metadata.TestThriftStructMetadataBuilder" time="0.001"/>
  <testcase name="testMultipleIds" classname="com.facebook.swift.codec.metadata.TestThriftStructMetadataBuilder" time="0"/>
  <testcase name="testMultipleNames" classname="com.facebook.swift.codec.metadata.TestThriftStructMetadataBuilder" time="0"/>
  <testcase name="testMultipleTypes" classname="com.facebook.swift.codec.metadata.TestThriftStructMetadataBuilder" time="0.001"/>
  <testcase name="testNoId" classname="com.facebook.swift.codec.metadata.TestThriftStructMetadataBuilder" time="0.001"/>
  <testcase name="testNonFinalStructsOk" classname="com.facebook.swift.codec.metadata.TestThriftStructMetadataBuilder" time="0"/>
  <testcase name="testUnsupportedType" classname="com.facebook.swift.codec.metadata.TestThriftStructMetadataBuilder" time="0"/>
  <testcase name="testBean" classname="com.facebook.swift.codec.metadata.TestThriftUnionMetadata" time="0.002"/>
  <testcase name="testBuilder" classname="com.facebook.swift.codec.metadata.TestThriftUnionMetadata" time="0.002"/>
  <testcase name="testConstructor" classname="com.facebook.swift.codec.metadata.TestThriftUnionMetadata" time="0.001"/>
  <testcase name="testField" classname="com.facebook.swift.codec.metadata.TestThriftUnionMetadata" time="0.001"/>
  <testcase name="testMethod" classname="com.facebook.swift.codec.metadata.TestThriftUnionMetadata" time="0.001"/>
  <testcase name="testMultipleIds" classname="com.facebook.swift.codec.metadata.TestThriftUnionMetadataBuilder" time="0.001"/>
  <testcase name="testMultipleNames" classname="com.facebook.swift.codec.metadata.TestThriftUnionMetadataBuilder" time="0.001"/>
  <testcase name="testMultipleTypes" classname="com.facebook.swift.codec.metadata.TestThriftUnionMetadataBuilder" time="0.001"/>
  <testcase name="testNoId" classname="com.facebook.swift.codec.metadata.TestThriftUnionMetadataBuilder" time="0.001"/>
  <testcase name="testNonFinalUnionOk" classname="com.facebook.swift.codec.metadata.TestThriftUnionMetadataBuilder" time="0.001"/>
  <testcase name="testUnsupportedType" classname="com.facebook.swift.codec.metadata.TestThriftUnionMetadataBuilder" time="0.001"/>
</testsuite>