<?xml version="1.0" encoding="UTF-8"?>
<testsuite name="TestSuite" time="6.166" tests="89" errors="0" skipped="0" failures="0">
  <properties>
    <property name="java.runtime.name" value="Java(TM) SE Runtime Environment"/>
    <property name="sun.boot.library.path" value="/opt/jdk/jdk1.8.0_151/jre/lib/amd64"/>
    <property name="java.vm.version" value="25.151-b12"/>
    <property name="java.vm.vendor" value="Oracle Corporation"/>
    <property name="maven.multiModuleProjectDirectory" value="/root/facebook_swift/swift-service"/>
    <property name="java.vendor.url" value="http://java.oracle.com/"/>
    <property name="path.separator" value=":"/>
    <property name="guice.disable.misplaced.annotation.check" value="true"/>
    <property name="java.vm.name" value="Java HotSpot(TM) 64-Bit Server VM"/>
    <property name="file.encoding.pkg" value="sun.io"/>
    <property name="user.country" value="US"/>
    <property name="sun.java.launcher" value="SUN_STANDARD"/>
    <property name="sun.os.patch.level" value="unknown"/>
    <property name="java.vm.specification.name" value="Java Virtual Machine Specification"/>
    <property name="user.dir" value="/root/facebook_swift/swift-service"/>
    <property name="java.runtime.version" value="1.8.0_151-b12"/>
    <property name="java.awt.graphicsenv" value="sun.awt.X11GraphicsEnvironment"/>
    <property name="java.endorsed.dirs" value="/opt/jdk/jdk1.8.0_151/jre/lib/endorsed"/>
    <property name="os.arch" value="amd64"/>
    <property name="java.io.tmpdir" value="/tmp"/>
    <property name="line.separator" value="&#10;"/>
    <property name="java.vm.specification.vendor" value="Oracle Corporation"/>
    <property name="os.name" value="Linux"/>
    <property name="classworlds.conf" value="/usr/local/apache-maven/apache-maven-3.3.9/bin/m2.conf"/>
    <property name="sun.jnu.encoding" value="UTF-8"/>
    <property name="java.library.path" value="/usr/java/packages/lib/amd64:/usr/lib64:/lib64:/lib:/usr/lib"/>
    <property name="license.skip" value="true"/>
    <property name="java.specification.name" value="Java Platform API Specification"/>
    <property name="java.class.version" value="52.0"/>
    <property name="sun.management.compiler" value="HotSpot 64-Bit Tiered Compilers"/>
    <property name="os.version" value="3.16.0-4-amd64"/>
    <property name="user.home" value="/root"/>
    <property name="user.timezone" value="Europe/Berlin"/>
    <property name="java.awt.printerjob" value="sun.print.PSPrinterJob"/>
    <property name="java.specification.version" value="1.8"/>
    <property name="file.encoding" value="UTF-8"/>
    <property name="user.name" value="root"/>
    <property name="java.class.path" value="/usr/local/apache-maven/apache-maven-3.3.9/boot/plexus-classworlds-2.5.2.jar"/>
    <property name="java.vm.specification.version" value="1.8"/>
    <property name="sun.arch.data.model" value="64"/>
    <property name="java.home" value="/opt/jdk/jdk1.8.0_151/jre"/>
    <property name="sun.java.command" value="org.codehaus.plexus.classworlds.launcher.Launcher license:format install -e -Dlicense.skip=true"/>
    <property name="java.specification.vendor" value="Oracle Corporation"/>
    <property name="user.language" value="en"/>
    <property name="awt.toolkit" value="sun.awt.X11.XToolkit"/>
    <property name="java.vm.info" value="mixed mode"/>
    <property name="java.version" value="1.8.0_151"/>
    <property name="java.ext.dirs" value="/opt/jdk/jdk1.8.0_151/jre/lib/ext:/usr/java/packages/lib/ext"/>
    <property name="securerandom.source" value="file:/dev/./urandom"/>
    <property name="sun.boot.class.path" value="/opt/jdk/jdk1.8.0_151/jre/lib/resources.jar:/opt/jdk/jdk1.8.0_151/jre/lib/rt.jar:/opt/jdk/jdk1.8.0_151/jre/lib/sunrsasign.jar:/opt/jdk/jdk1.8.0_151/jre/lib/jsse.jar:/opt/jdk/jdk1.8.0_151/jre/lib/jce.jar:/opt/jdk/jdk1.8.0_151/jre/lib/charsets.jar:/opt/jdk/jdk1.8.0_151/jre/lib/jfr.jar:/opt/jdk/jdk1.8.0_151/jre/classes"/>
    <property name="java.vendor" value="Oracle Corporation"/>
    <property name="maven.home" value="/usr/local/apache-maven/apache-maven-3.3.9"/>
    <property name="file.separator" value="/"/>
    <property name="java.vendor.url.bug" value="http://bugreport.sun.com/bugreport/"/>
    <property name="sun.cpu.endian" value="little"/>
    <property name="sun.io.unicode.encoding" value="UnicodeLittle"/>
    <property name="sun.cpu.isalist" value=""/>
  </properties>
  <testcase name="testAsyncClient" classname="com.facebook.swift.service.async.AsyncClientTest" time="0.68"/>
  <testcase name="testAsyncConnection" classname="com.facebook.swift.service.async.AsyncClientTest" time="0.616"/>
  <testcase name="testAsyncEarlyListener" classname="com.facebook.swift.service.async.AsyncClientTest" time="0.514"/>
  <testcase name="testAsyncLateListener" classname="com.facebook.swift.service.async.AsyncClientTest" time="0.513"/>
  <testcase name="testAsyncOneWay" classname="com.facebook.swift.service.async.AsyncClientTest" time="0.013"/>
  <testcase name="testAsyncOutOfOrder" classname="com.facebook.swift.service.async.AsyncClientTest" time="0.514"/>
  <testcase name="testAsyncTimeout" classname="com.facebook.swift.service.async.AsyncClientTest" time="1.104"/>
  <testcase name="testClientCreateFailure" classname="com.facebook.swift.service.async.AsyncClientTest" time="0.013"/>
  <testcase name="testSyncClient" classname="com.facebook.swift.service.async.AsyncClientTest" time="0.019"/>
  <testcase name="testHttpAsyncClient" classname="com.facebook.swift.service.async.AsyncHttpClientTest" time="0.287"/>
  <testcase name="testHttpClient" classname="com.facebook.swift.service.async.AsyncHttpClientTest" time="0.11"/>
  <testcase name="testMissingMethod" classname="com.facebook.swift.service.exceptions.ExceptionTest" time="0.002"/>
  <testcase name="testThrowExceptedUncheckedException" classname="com.facebook.swift.service.exceptions.ExceptionTest" time="0.002"/>
  <testcase name="testThrowExceptionInEventHandlersCode" classname="com.facebook.swift.service.exceptions.ExceptionTest" time="0.002"/>
  <testcase name="testThrowExpectedCheckedException" classname="com.facebook.swift.service.exceptions.ExceptionTest" time="0.001"/>
  <testcase name="testThrowSubclassOfSubclassableException" classname="com.facebook.swift.service.exceptions.ExceptionTest" time="0.001"/>
  <testcase name="testThrowSubclassableException" classname="com.facebook.swift.service.exceptions.ExceptionTest" time="0.001"/>
  <testcase name="testThrowUnexpectedNonThriftCheckedException" classname="com.facebook.swift.service.exceptions.ExceptionTest" time="0.002"/>
  <testcase name="testThrowUnexpectedNonThriftUncheckedException" classname="com.facebook.swift.service.exceptions.ExceptionTest" time="0.002"/>
  <testcase name="testThrowUnexpectedThriftUncheckedException" classname="com.facebook.swift.service.exceptions.ExceptionTest" time="0.002"/>
  <testcase name="testThrowWrongThriftException" classname="com.facebook.swift.service.exceptions.ExceptionTest" time="0.002"/>
  <testcase name="testExplicitParameterOrdering" classname="com.facebook.swift.service.explicitidentifiers.ExplicitIdentifiersTest" time="0.001"/>
  <testcase name="testExtraAndReorderedParameters" classname="com.facebook.swift.service.explicitidentifiers.ExplicitIdentifiersTest" time="0.001"/>
  <testcase name="testExtraParameter" classname="com.facebook.swift.service.explicitidentifiers.ExplicitIdentifiersTest" time="0.001"/>
  <testcase name="testExtraStruct" classname="com.facebook.swift.service.explicitidentifiers.ExplicitIdentifiersTest" time="0.001"/>
  <testcase name="testMissingAndReorderedParameters" classname="com.facebook.swift.service.explicitidentifiers.ExplicitIdentifiersTest" time="0.002"/>
  <testcase name="testMissingInteger" classname="com.facebook.swift.service.explicitidentifiers.ExplicitIdentifiersTest" time="0.001"/>
  <testcase name="testMissingParameter" classname="com.facebook.swift.service.explicitidentifiers.ExplicitIdentifiersTest" time="0.001"/>
  <testcase name="testMissingStruct" classname="com.facebook.swift.service.explicitidentifiers.ExplicitIdentifiersTest" time="0.002"/>
  <testcase name="testOneWayThrow" classname="com.facebook.swift.service.oneway.OnewayTest" time="0.001"/>
  <testcase name="testOnewayCall" classname="com.facebook.swift.service.oneway.OnewayTest" time="0.001"/>
  <testcase name="testBinaryProtocolClient" classname="com.facebook.swift.service.protocol.TestClientProtocols" time="0.014"/>
  <testcase name="testCompactProtocolClient" classname="com.facebook.swift.service.protocol.TestClientProtocols" time="0.015"/>
  <testcase name="testUnmatchedProtocols" classname="com.facebook.swift.service.protocol.TestClientProtocols" time="0.014"/>
  <testcase name="testGenericProcessor" classname="com.facebook.swift.generics.TestGenericProcessor" time="0.012"/>
  <testcase name="testConflictingMethodNames" classname="com.facebook.swift.service.TestProcessor" time="0.192"/>
  <testcase name="testPumaDirect" classname="com.facebook.swift.service.puma.TestPuma" time="0.002"/>
  <testcase name="testPumaDirectException" classname="com.facebook.swift.service.puma.TestPuma" time="0"/>
  <testcase name="testPumaSwift" classname="com.facebook.swift.service.puma.TestPuma" time="0.054"/>
  <testcase name="testPumaSwiftException" classname="com.facebook.swift.service.puma.TestPuma" time="0.035"/>
  <testcase name="testThriftClientAndServerModules" classname="com.facebook.swift.service.guice.TestThriftClientAndServerModules" time="0.203"/>
  <testcase name="testThriftClientWithConfiguration" classname="com.facebook.swift.service.guice.TestThriftClientAndServerModules" time="0.013"/>
  <testcase name="testThriftWithAnnotationBinding" classname="com.facebook.swift.service.guice.TestThriftClientAndServerModules" time="0.048"/>
  <testcase name="testThriftWithKeyBinding" classname="com.facebook.swift.service.guice.TestThriftClientAndServerModules" time="0.046"/>
  <testcase name="testDefaults" classname="com.facebook.swift.service.TestThriftClientConfig" time="0.054"/>
  <testcase name="testExplicitPropertyMappings" classname="com.facebook.swift.service.TestThriftClientConfig" time="0.004"/>
  <testcase name="testGuiceInjection" classname="com.facebook.swift.service.TestThriftClientConfig" time="0.031"/>
  <testcase name="testUnresolvedRemoteAddress" classname="com.facebook.swift.client.TestThriftClientManager" time="0.071"/>
  <testcase name="testInvalids" classname="com.facebook.swift.service.metadata.TestThriftMethodLegacyIds" time="0.001"/>
  <testcase name="testInvalids" classname="com.facebook.swift.service.metadata.TestThriftMethodLegacyIds" time="0.001"/>
  <testcase name="testInvalids" classname="com.facebook.swift.service.metadata.TestThriftMethodLegacyIds" time="0"/>
  <testcase name="testInvalids" classname="com.facebook.swift.service.metadata.TestThriftMethodLegacyIds" time="0.001"/>
  <testcase name="testLegacyFieldIds" classname="com.facebook.swift.service.metadata.TestThriftMethodLegacyIds" time="0.001"/>
  <testcase name="testNonLegacyFieldIds" classname="com.facebook.swift.service.metadata.TestThriftMethodLegacyIds" time="0.001"/>
  <testcase name="testNonLegacyFieldIds" classname="com.facebook.swift.service.metadata.TestThriftMethodLegacyIds" time="0"/>
  <testcase name="testNonLegacyFieldIds" classname="com.facebook.swift.service.metadata.TestThriftMethodLegacyIds" time="0.001"/>
  <testcase name="testAnnotatedExceptions" classname="com.facebook.swift.service.metadata.TestThriftMethodMetadata" time="0.002"/>
  <testcase name="testInferredException" classname="com.facebook.swift.service.metadata.TestThriftMethodMetadata" time="0.001"/>
  <testcase name="testInferredExceptionWithRuntimeAndTException" classname="com.facebook.swift.service.metadata.TestThriftMethodMetadata" time="0.001"/>
  <testcase name="testInferredExceptionWithRuntimeException" classname="com.facebook.swift.service.metadata.TestThriftMethodMetadata" time="0.001"/>
  <testcase name="testInferredExceptionWithTException" classname="com.facebook.swift.service.metadata.TestThriftMethodMetadata" time="0.001"/>
  <testcase name="testNoExceptions" classname="com.facebook.swift.service.metadata.TestThriftMethodMetadata" time="0"/>
  <testcase name="testUninferrableException" classname="com.facebook.swift.service.metadata.TestThriftMethodMetadata" time="0.001"/>
  <testcase name="testThriftServerShutdown" classname="com.facebook.swift.service.server.TestThriftServer" time="0.004"/>
  <testcase name="testThriftServerShutdownWithNoStartup" classname="com.facebook.swift.service.server.TestThriftServer" time="0.002"/>
  <testcase name="testDefaults" classname="com.facebook.swift.service.TestThriftServerConfig" time="0.021"/>
  <testcase name="testExplicitPropertyMappings" classname="com.facebook.swift.service.TestThriftServerConfig" time="0.004"/>
  <testcase name="testGuiceInjection" classname="com.facebook.swift.service.TestThriftServerConfig" time="0.011"/>
  <testcase name="testWorkerExecutorConfiguration" classname="com.facebook.swift.service.TestThriftServerConfig" time="0.047"/>
  <testcase name="testWorkerExecutorKeyConfiguration" classname="com.facebook.swift.service.TestThriftServerConfig" time="0.043"/>
  <testcase name="testWorkerThreadsConfiguration" classname="com.facebook.swift.service.TestThriftServerConfig" time="0.039"/>
  <testcase name="testConflictingServices" classname="com.facebook.swift.service.TestThriftService" time="0.005"/>
  <testcase name="testSwiftEventHandlersWithNiftyProcessor" classname="com.facebook.swift.service.TestThriftService" time="0.028"/>
  <testcase name="testSwiftEventHandlersWithTProcessor" classname="com.facebook.swift.service.TestThriftService" time="0.025"/>
  <testcase name="testSwiftService" classname="com.facebook.swift.service.TestThriftService" time="0.016"/>
  <testcase name="testThriftService" classname="com.facebook.swift.service.TestThriftService" time="0.023"/>
  <testcase name="testInheritBaseInterface" classname="com.facebook.swift.service.annotations.TestThriftServiceAnnotationConflicts" time="0"/>
  <testcase name="testInheritCombinedInterface" classname="com.facebook.swift.service.annotations.TestThriftServiceAnnotationConflicts" time="0"/>
  <testcase name="testInheritMultipleDerivedInterfaces" classname="com.facebook.swift.service.annotations.TestThriftServiceAnnotationConflicts" time="0"/>
  <testcase name="testInheritMultipleDerviedInterfacesWithExplicitAnnotation" classname="com.facebook.swift.service.annotations.TestThriftServiceAnnotationConflicts" time="0"/>
  <testcase name="testInheritSingleDerivedInterface" classname="com.facebook.swift.service.annotations.TestThriftServiceAnnotationConflicts" time="0"/>
  <testcase name="testSwiftService" classname="com.facebook.swift.service.TestThriftSslService" time="0.314"/>
  <testcase name="testSwiftServicePlaintext" classname="com.facebook.swift.service.TestThriftSslService" time="0.041"/>
  <testcase name="testThriftService" classname="com.facebook.swift.service.TestThriftSslService" time="0.036"/>
  <testcase name="testThriftServicePlaintext" classname="com.facebook.swift.service.TestThriftSslService" time="0.032"/>
  <testcase name="testSwiftService" classname="com.facebook.swift.service.TestThriftTransportAttachObserver" time="0.004"/>
  <testcase name="testThriftService" classname="com.facebook.swift.service.TestThriftTransportAttachObserver" time="0.002"/>
  <testcase name="testUnframedAsyncMethod" classname="com.facebook.swift.service.unframed.UnframedTest" time="0.12"/>
  <testcase name="testUnframedSyncMethod" classname="com.facebook.swift.service.unframed.UnframedTest" time="0.116"/>
</testsuite>