<?xml version="1.0" encoding="UTF-8"?>
<!-- Generated by org.testng.reporters.JUnitReportReporter -->
<testsuite hostname="server0" name="com.facebook.swift.parser.TestDocument" tests="3" failures="0" timestamp="5 Mar 2018 19:27:08 GMT" time="0.163" errors="0">
  <testcase name="testEmpty" time="0.008" classname="com.facebook.swift.parser.TestDocument"/>
  <testcase name="testDocumentHbase" time="0.050" classname="com.facebook.swift.parser.TestDocument"/>
  <testcase name="testDocumentFb303" time="0.105" classname="com.facebook.swift.parser.TestDocument"/>
</testsuite> <!-- com.facebook.swift.parser.TestDocument -->
