<?xml version="1.0" encoding="UTF-8"?>
<!-- Generated by org.testng.reporters.JUnitReportReporter -->
<testsuite hostname="server0" name="com.facebook.swift.parser.TestParser" tests="25" failures="0" timestamp="5 Mar 2018 19:27:08 GMT" time="0.070" errors="0">
  <testcase name="testParse" time="0.000" classname="com.facebook.swift.parser.TestParser"/>
  <testcase name="testParse" time="0.001" classname="com.facebook.swift.parser.TestParser"/>
  <testcase name="testParse" time="0.001" classname="com.facebook.swift.parser.TestParser"/>
  <testcase name="testParse" time="0.001" classname="com.facebook.swift.parser.TestParser"/>
  <testcase name="testParse" time="0.002" classname="com.facebook.swift.parser.TestParser"/>
  <testcase name="testParse" time="0.001" classname="com.facebook.swift.parser.TestParser"/>
  <testcase name="testParse" time="0.001" classname="com.facebook.swift.parser.TestParser"/>
  <testcase name="testParse" time="0.002" classname="com.facebook.swift.parser.TestParser"/>
  <testcase name="testParse" time="0.003" classname="com.facebook.swift.parser.TestParser"/>
  <testcase name="testParse" time="0.000" classname="com.facebook.swift.parser.TestParser"/>
  <testcase name="testParse" time="0.002" classname="com.facebook.swift.parser.TestParser"/>
  <testcase name="testParse" time="0.011" classname="com.facebook.swift.parser.TestParser"/>
  <testcase name="testParse" time="0.001" classname="com.facebook.swift.parser.TestParser"/>
  <testcase name="testParse" time="0.002" classname="com.facebook.swift.parser.TestParser"/>
  <testcase name="testParse" time="0.000" classname="com.facebook.swift.parser.TestParser"/>
  <testcase name="testParse" time="0.009" classname="com.facebook.swift.parser.TestParser"/>
  <testcase name="testParse" time="0.005" classname="com.facebook.swift.parser.TestParser"/>
  <testcase name="testParse" time="0.003" classname="com.facebook.swift.parser.TestParser"/>
  <testcase name="testParse" time="0.011" classname="com.facebook.swift.parser.TestParser"/>
  <testcase name="testParse" time="0.001" classname="com.facebook.swift.parser.TestParser"/>
  <testcase name="testParse" time="0.008" classname="com.facebook.swift.parser.TestParser"/>
  <testcase name="testParse" time="0.001" classname="com.facebook.swift.parser.TestParser"/>
  <testcase name="testParse" time="0.001" classname="com.facebook.swift.parser.TestParser"/>
  <testcase name="testParse" time="0.002" classname="com.facebook.swift.parser.TestParser"/>
  <testcase name="testParse" time="0.001" classname="com.facebook.swift.parser.TestParser"/>
</testsuite> <!-- com.facebook.swift.parser.TestParser -->
